{"level":"info","time":"2025-01-07T11:23:17.838Z","msg":"-----------------------------------------------------------------------------------------"}
{"level":"info","time":"2025-01-07T11:23:17.840Z","msg":"New instance started: 2025-01-07T11:23:17.840Z"}
{"level":"info","time":"2025-01-07T11:23:17.840Z","msg":"Base URL: http://localhost:2580/"}
{"level":"info","time":"2025-01-07T11:23:18.337Z","msg":"MongoDB Connected"}
{"level":"info","time":"2025-01-07T11:23:18.341Z","msg":"Server started on port 2580"}
{"level":"info","time":"2025-01-07T11:23:18.342Z","msg":"Swagger documentation is at 2580/api-docs"}
{"level":"info","time":"2025-01-07T11:23:55.312Z","msg":"Loading projects with limit"}
{"level":"info","time":"2025-01-07T11:23:55.314Z","msg":"Validation passed for loadProjectsByLimit"}
{"level":"info","time":"2025-01-07T11:23:55.325Z","msg":"Fetching current user"}
{"level":"info","time":"2025-01-07T11:23:55.326Z","msg":"Fetching current user"}
{"level":"info","time":"2025-01-07T11:23:55.339Z","msg":"User fetched successfully"}
{"level":"info","time":"2025-01-07T11:23:55.872Z","msg":"11 project(s) found"}
{"level":"info","time":"2025-01-07T11:27:13.713Z","msg":"Loading projects with limit"}
{"level":"info","time":"2025-01-07T11:27:13.715Z","msg":"Validation passed for loadProjectsByLimit"}
{"level":"info","time":"2025-01-07T11:27:13.761Z","msg":"Fetching current user"}
{"level":"info","time":"2025-01-07T11:27:13.761Z","msg":"Fetching current user"}
{"level":"info","time":"2025-01-07T11:27:13.787Z","msg":"User fetched successfully"}
{"level":"info","time":"2025-01-07T11:27:15.682Z","msg":"11 project(s) found"}
{"level":"info","time":"2025-01-07T11:31:33.697Z","msg":"-----------------------------------------------------------------------------------------"}
{"level":"info","time":"2025-01-07T11:31:33.698Z","msg":"New instance started: 2025-01-07T11:31:33.698Z"}
{"level":"info","time":"2025-01-07T11:31:33.698Z","msg":"Base URL: http://localhost:2580/"}
{"level":"info","time":"2025-01-07T11:31:34.117Z","msg":"MongoDB Connected"}
{"level":"info","time":"2025-01-07T11:31:34.122Z","msg":"Server started on port 2580"}
{"level":"info","time":"2025-01-07T11:31:34.123Z","msg":"Swagger documentation is at 2580/api-docs"}
{"level":"info","time":"2025-01-07T11:31:48.441Z","msg":"Loading projects with limit"}
{"level":"info","time":"2025-01-07T11:31:48.443Z","msg":"Validation passed for loadProjectsByLimit"}
{"level":"info","time":"2025-01-07T11:31:48.474Z","msg":"Fetching current user"}
{"level":"info","time":"2025-01-07T11:31:48.474Z","msg":"Fetching current user"}
{"level":"info","time":"2025-01-07T11:31:48.490Z","msg":"User fetched successfully"}
{"level":"info","time":"2025-01-07T11:31:49.242Z","msg":"11 project(s) found"}
{"level":"info","time":"2025-01-07T11:32:58.881Z","msg":"Loading projects with limit"}
{"level":"info","time":"2025-01-07T11:32:58.882Z","msg":"Validation passed for loadProjectsByLimit"}
{"level":"info","time":"2025-01-07T11:33:01.360Z","msg":"11 project(s) found"}
{"level":"info","time":"2025-01-07T11:33:01.668Z","msg":"Loading projects with limit"}
{"level":"info","time":"2025-01-07T11:33:01.669Z","msg":"Validation passed for loadProjectsByLimit"}
{"level":"info","time":"2025-01-07T11:33:03.854Z","msg":"11 project(s) found"}
{"level":"info","time":"2025-01-07T11:33:10.633Z","msg":"Loading projects with limit"}
{"level":"info","time":"2025-01-07T11:33:10.634Z","msg":"Validation passed for loadProjectsByLimit"}
{"level":"info","time":"2025-01-07T11:33:12.909Z","msg":"11 project(s) found"}
{"level":"info","time":"2025-01-07T11:33:13.211Z","msg":"Loading projects with limit"}
{"level":"info","time":"2025-01-07T11:33:13.212Z","msg":"Validation passed for loadProjectsByLimit"}
{"level":"info","time":"2025-01-07T11:33:16.033Z","msg":"11 project(s) found"}
{"level":"info","time":"2025-01-07T11:33:39.116Z","msg":"Loading projects with limit"}
{"level":"info","time":"2025-01-07T11:33:39.120Z","msg":"Validation passed for loadProjectsByLimit"}
{"level":"info","time":"2025-01-07T11:33:39.161Z","msg":"Fetching current user"}
{"level":"info","time":"2025-01-07T11:33:39.161Z","msg":"Fetching current user"}
{"level":"info","time":"2025-01-07T11:33:39.176Z","msg":"User fetched successfully"}
{"level":"info","time":"2025-01-07T11:33:40.770Z","msg":"11 project(s) found"}
{"level":"info","time":"2025-01-07T11:33:44.475Z","msg":"Loading projects with limit"}
{"level":"info","time":"2025-01-07T11:33:44.476Z","msg":"Validation passed for loadProjectsByLimit"}
{"level":"info","time":"2025-01-07T11:33:45.846Z","msg":"11 project(s) found"}
{"level":"info","time":"2025-01-07T11:33:46.131Z","msg":"Loading projects with limit"}
{"level":"info","time":"2025-01-07T11:33:46.132Z","msg":"Validation passed for loadProjectsByLimit"}
{"level":"info","time":"2025-01-07T11:33:47.752Z","msg":"11 project(s) found"}
{"level":"info","time":"2025-01-07T11:33:56.666Z","msg":"Loading projects with limit"}
{"level":"info","time":"2025-01-07T11:33:56.667Z","msg":"Validation passed for loadProjectsByLimit"}
{"level":"info","time":"2025-01-07T11:33:56.685Z","msg":"Fetching current user"}
{"level":"info","time":"2025-01-07T11:33:56.685Z","msg":"Fetching current user"}
{"level":"info","time":"2025-01-07T11:33:56.699Z","msg":"User fetched successfully"}
{"level":"info","time":"2025-01-07T11:33:57.878Z","msg":"11 project(s) found"}
{"level":"info","time":"2025-01-07T11:34:13.287Z","msg":"Loading projects with limit"}
{"level":"info","time":"2025-01-07T11:34:13.289Z","msg":"Validation passed for loadProjectsByLimit"}
{"level":"info","time":"2025-01-07T11:34:13.298Z","msg":"Fetching current user"}
{"level":"info","time":"2025-01-07T11:34:13.298Z","msg":"Fetching current user"}
{"level":"info","time":"2025-01-07T11:34:13.318Z","msg":"User fetched successfully"}
{"level":"info","time":"2025-01-07T11:34:14.273Z","msg":"11 project(s) found"}
{"level":"info","time":"2025-01-07T11:34:16.442Z","msg":"Loading projects with limit"}
{"level":"info","time":"2025-01-07T11:34:16.443Z","msg":"Validation passed for loadProjectsByLimit"}
{"level":"info","time":"2025-01-07T11:34:17.688Z","msg":"11 project(s) found"}
{"level":"info","time":"2025-01-07T11:34:17.885Z","msg":"Loading projects with limit"}
{"level":"info","time":"2025-01-07T11:34:17.886Z","msg":"Validation passed for loadProjectsByLimit"}
{"level":"info","time":"2025-01-07T11:34:19.737Z","msg":"11 project(s) found"}
{"level":"info","time":"2025-01-07T11:34:20.823Z","msg":"Loading projects with limit"}
{"level":"info","time":"2025-01-07T11:34:20.824Z","msg":"Validation passed for loadProjectsByLimit"}
{"level":"info","time":"2025-01-07T11:34:21.872Z","msg":"11 project(s) found"}
{"level":"info","time":"2025-01-07T11:34:22.187Z","msg":"Loading projects with limit"}
{"level":"info","time":"2025-01-07T11:34:22.188Z","msg":"Validation passed for loadProjectsByLimit"}
{"level":"info","time":"2025-01-07T11:34:23.095Z","msg":"11 project(s) found"}
{"level":"info","time":"2025-01-07T11:34:24.210Z","msg":"Loading projects with limit"}
{"level":"info","time":"2025-01-07T11:34:24.211Z","msg":"Validation passed for loadProjectsByLimit"}
{"level":"info","time":"2025-01-07T11:34:24.965Z","msg":"11 project(s) found"}
{"level":"info","time":"2025-01-07T11:34:25.257Z","msg":"Loading projects with limit"}
{"level":"info","time":"2025-01-07T11:34:25.258Z","msg":"Validation passed for loadProjectsByLimit"}
{"level":"info","time":"2025-01-07T11:34:25.964Z","msg":"11 project(s) found"}
{"level":"info","time":"2025-01-07T13:07:19.634Z","msg":"-----------------------------------------------------------------------------------------"}
{"level":"info","time":"2025-01-07T13:07:19.635Z","msg":"New instance started: 2025-01-07T13:07:19.635Z"}
{"level":"info","time":"2025-01-07T13:07:19.635Z","msg":"Base URL: http://localhost:2580/"}
{"level":"info","time":"2025-01-07T13:07:20.338Z","msg":"MongoDB Connected"}
{"level":"info","time":"2025-01-07T13:07:20.342Z","msg":"Server started on port 2580"}
{"level":"info","time":"2025-01-07T13:07:20.342Z","msg":"Swagger documentation is at 2580/api-docs"}
{"level":"info","time":"2025-01-07T13:08:46.943Z","msg":"-----------------------------------------------------------------------------------------"}
{"level":"info","time":"2025-01-07T13:08:46.943Z","msg":"New instance started: 2025-01-07T13:08:46.943Z"}
{"level":"info","time":"2025-01-07T13:08:46.943Z","msg":"Base URL: http://localhost:2580/"}
{"level":"info","time":"2025-01-07T13:08:47.603Z","msg":"MongoDB Connected"}
{"level":"info","time":"2025-01-07T13:08:47.606Z","msg":"Server started on port 2580"}
{"level":"info","time":"2025-01-07T13:08:47.606Z","msg":"Swagger documentation is at 2580/api-docs"}
{"level":"info","time":"2025-01-07T13:08:53.814Z","msg":"Loading projects with limit"}
{"level":"info","time":"2025-01-07T13:08:53.816Z","msg":"Validation passed for loadProjectsByLimit"}
{"level":"info","time":"2025-01-07T13:08:53.969Z","msg":"Fetching current user"}
{"level":"info","time":"2025-01-07T13:08:53.970Z","msg":"Fetching current user"}
{"level":"info","time":"2025-01-07T13:08:54.009Z","msg":"User fetched successfully"}
{"level":"info","time":"2025-01-07T13:08:54.971Z","msg":"10 project(s) found"}
{"level":"info","time":"2025-01-07T13:11:21.910Z","msg":"Loading projects with limit"}
{"level":"info","time":"2025-01-07T13:11:21.911Z","msg":"Validation passed for loadProjectsByLimit"}
{"level":"info","time":"2025-01-07T13:11:21.951Z","msg":"Fetching current user"}
{"level":"info","time":"2025-01-07T13:11:21.951Z","msg":"Fetching current user"}
{"level":"info","time":"2025-01-07T13:11:21.985Z","msg":"User fetched successfully"}
{"level":"info","time":"2025-01-07T13:11:22.891Z","msg":"10 project(s) found"}
{"level":"info","time":"2025-01-07T13:11:32.905Z","msg":"Loading projects with limit"}
{"level":"info","time":"2025-01-07T13:11:32.907Z","msg":"Validation passed for loadProjectsByLimit"}
{"level":"info","time":"2025-01-07T13:11:33.945Z","msg":"10 project(s) found"}
{"level":"info","time":"2025-01-07T13:11:34.030Z","msg":"Loading projects with limit"}
{"level":"info","time":"2025-01-07T13:11:34.030Z","msg":"Validation passed for loadProjectsByLimit"}
{"level":"info","time":"2025-01-07T13:11:35.074Z","msg":"10 project(s) found"}
{"level":"info","time":"2025-01-07T13:14:50.236Z","msg":"Loading projects with limit"}
{"level":"info","time":"2025-01-07T13:14:50.237Z","msg":"Validation passed for loadProjectsByLimit"}
{"level":"info","time":"2025-01-07T13:14:51.422Z","msg":"10 project(s) found"}
{"level":"info","time":"2025-01-07T13:14:51.550Z","msg":"Loading projects with limit"}
{"level":"info","time":"2025-01-07T13:14:51.550Z","msg":"Validation passed for loadProjectsByLimit"}
{"level":"info","time":"2025-01-07T13:14:52.651Z","msg":"10 project(s) found"}
{"level":"info","time":"2025-01-07T13:15:02.285Z","msg":"Loading projects with limit"}
{"level":"info","time":"2025-01-07T13:15:02.286Z","msg":"Validation passed for loadProjectsByLimit"}
{"level":"info","time":"2025-01-07T13:15:02.369Z","msg":"Fetching current user"}
{"level":"info","time":"2025-01-07T13:15:02.370Z","msg":"Fetching current user"}
{"level":"info","time":"2025-01-07T13:15:02.433Z","msg":"User fetched successfully"}
{"level":"info","time":"2025-01-07T13:15:03.254Z","msg":"10 project(s) found"}
{"level":"info","time":"2025-01-07T13:16:42.570Z","msg":"Loading projects with limit"}
{"level":"info","time":"2025-01-07T13:16:42.579Z","msg":"Validation passed for loadProjectsByLimit"}
{"level":"info","time":"2025-01-07T13:16:43.652Z","msg":"10 project(s) found"}
{"level":"info","time":"2025-01-07T13:16:43.779Z","msg":"Loading projects with limit"}
{"level":"info","time":"2025-01-07T13:16:43.779Z","msg":"Validation passed for loadProjectsByLimit"}
{"level":"info","time":"2025-01-07T13:16:44.765Z","msg":"10 project(s) found"}
{"level":"info","time":"2025-01-07T13:17:02.249Z","msg":"Creating project initiated"}
{"level":"warn","time":"2025-01-07T13:17:02.265Z","msg":"Validation errors in new-project"}
{"level":"info","time":"2025-01-07T13:17:09.097Z","msg":"Creating project initiated"}
{"level":"warn","time":"2025-01-07T13:17:09.110Z","msg":"Validation errors in new-project"}
{"level":"info","time":"2025-01-07T13:17:12.255Z","msg":"Creating project initiated"}
{"level":"warn","time":"2025-01-07T13:17:12.262Z","msg":"Validation errors in new-project"}
{"level":"info","time":"2025-01-07T13:17:26.051Z","msg":"Creating project initiated"}
{"level":"warn","time":"2025-01-07T13:17:26.062Z","msg":"Validation errors in new-project"}
{"level":"info","time":"2025-01-07T13:17:45.911Z","msg":"Creating project initiated"}
{"level":"warn","time":"2025-01-07T13:17:45.920Z","msg":"Validation errors in new-project"}
{"level":"info","time":"2025-01-07T13:17:57.628Z","msg":"Creating project initiated"}
{"level":"info","time":"2025-01-07T13:17:57.918Z","msg":"Project created successfully"}
{"level":"info","time":"2025-01-07T13:17:58.978Z","msg":"Loading projects with limit"}
{"level":"info","time":"2025-01-07T13:17:58.978Z","msg":"Validation passed for loadProjectsByLimit"}
{"level":"info","time":"2025-01-07T13:18:00.146Z","msg":"11 project(s) found"}
{"level":"info","time":"2025-01-07T13:18:00.294Z","msg":"Loading projects with limit"}
{"level":"info","time":"2025-01-07T13:18:00.294Z","msg":"Validation passed for loadProjectsByLimit"}
{"level":"info","time":"2025-01-07T13:18:01.428Z","msg":"11 project(s) found"}
{"level":"info","time":"2025-01-07T13:18:18.566Z","msg":"Loading projects with limit"}
{"level":"info","time":"2025-01-07T13:18:18.567Z","msg":"Validation passed for loadProjectsByLimit"}
{"level":"info","time":"2025-01-07T13:18:19.644Z","msg":"11 project(s) found"}
{"level":"info","time":"2025-01-07T13:18:19.777Z","msg":"Loading projects with limit"}
{"level":"info","time":"2025-01-07T13:18:19.777Z","msg":"Validation passed for loadProjectsByLimit"}
{"level":"info","time":"2025-01-07T13:18:20.856Z","msg":"11 project(s) found"}
{"level":"info","time":"2025-01-07T13:21:13.947Z","msg":"User logout initiated"}
{"level":"info","time":"2025-01-07T13:21:13.948Z","msg":"User logged out successfully"}
{"level":"info","time":"2025-01-07T13:21:25.327Z","msg":"User login attempt"}
{"level":"info","time":"2025-01-07T13:21:25.443Z","msg":"User logged in successfully"}
{"level":"info","time":"2025-01-07T13:21:26.121Z","msg":"Loading projects with limit"}
{"level":"info","time":"2025-01-07T13:21:26.123Z","msg":"Validation passed for loadProjectsByLimit"}
{"level":"info","time":"2025-01-07T13:21:27.363Z","msg":"11 project(s) found"}
{"level":"info","time":"2025-01-07T13:21:27.507Z","msg":"Loading projects with limit"}
{"level":"info","time":"2025-01-07T13:21:27.507Z","msg":"Validation passed for loadProjectsByLimit"}
{"level":"info","time":"2025-01-07T13:21:28.646Z","msg":"11 project(s) found"}
{"level":"info","time":"2025-01-07T13:21:29.438Z","msg":"Loading projects with limit"}
{"level":"info","time":"2025-01-07T13:21:29.440Z","msg":"Validation passed for loadProjectsByLimit"}
{"level":"info","time":"2025-01-07T13:21:30.693Z","msg":"11 project(s) found"}
{"level":"info","time":"2025-01-07T13:21:30.840Z","msg":"Loading projects with limit"}
{"level":"info","time":"2025-01-07T13:21:30.840Z","msg":"Validation passed for loadProjectsByLimit"}
{"level":"info","time":"2025-01-07T13:21:32.129Z","msg":"11 project(s) found"}
{"level":"info","time":"2025-01-07T13:21:54.528Z","msg":"Loading projects with limit"}
{"level":"info","time":"2025-01-07T13:21:54.530Z","msg":"Validation passed for loadProjectsByLimit"}
{"level":"info","time":"2025-01-07T13:21:54.605Z","msg":"Fetching current user"}
{"level":"info","time":"2025-01-07T13:21:54.605Z","msg":"Fetching current user"}
{"level":"info","time":"2025-01-07T13:21:54.635Z","msg":"User fetched successfully"}
{"level":"info","time":"2025-01-07T13:21:56.054Z","msg":"11 project(s) found"}
{"level":"info","time":"2025-01-07T13:23:33.488Z","msg":"Loading projects with limit"}
{"level":"info","time":"2025-01-07T13:23:33.489Z","msg":"Validation passed for loadProjectsByLimit"}
{"level":"info","time":"2025-01-07T13:23:34.644Z","msg":"11 project(s) found"}
{"level":"info","time":"2025-01-07T13:23:34.783Z","msg":"Loading projects with limit"}
{"level":"info","time":"2025-01-07T13:23:34.783Z","msg":"Validation passed for loadProjectsByLimit"}
{"level":"info","time":"2025-01-07T13:23:36.259Z","msg":"11 project(s) found"}
{"level":"info","time":"2025-01-07T13:23:37.099Z","msg":"Loading projects with limit"}
{"level":"info","time":"2025-01-07T13:23:37.100Z","msg":"Validation passed for loadProjectsByLimit"}
{"level":"info","time":"2025-01-07T13:23:38.371Z","msg":"11 project(s) found"}
{"level":"info","time":"2025-01-07T13:23:38.477Z","msg":"Loading projects with limit"}
{"level":"info","time":"2025-01-07T13:23:38.477Z","msg":"Validation passed for loadProjectsByLimit"}
{"level":"info","time":"2025-01-07T13:23:39.922Z","msg":"11 project(s) found"}
{"level":"info","time":"2025-01-07T13:23:41.014Z","msg":"Loading projects with limit"}
{"level":"info","time":"2025-01-07T13:23:41.015Z","msg":"Validation passed for loadProjectsByLimit"}
{"level":"info","time":"2025-01-07T13:23:42.221Z","msg":"11 project(s) found"}
{"level":"info","time":"2025-01-07T13:23:42.338Z","msg":"Loading projects with limit"}
{"level":"info","time":"2025-01-07T13:23:42.338Z","msg":"Validation passed for loadProjectsByLimit"}
{"level":"info","time":"2025-01-07T13:23:43.918Z","msg":"11 project(s) found"}
{"level":"info","time":"2025-01-07T13:24:28.659Z","msg":"Loading projects with limit"}
{"level":"info","time":"2025-01-07T13:24:28.668Z","msg":"Validation passed for loadProjectsByLimit"}
{"level":"info","time":"2025-01-07T13:24:28.721Z","msg":"Fetching current user"}
{"level":"info","time":"2025-01-07T13:24:28.721Z","msg":"Fetching current user"}
{"level":"info","time":"2025-01-07T13:24:28.767Z","msg":"User fetched successfully"}
{"level":"info","time":"2025-01-07T13:24:29.844Z","msg":"11 project(s) found"}
{"level":"info","time":"2025-01-07T13:26:01.509Z","msg":"Deleting project"}
{"level":"info","time":"2025-01-07T13:26:01.739Z","msg":"Project deleted successfully"}
{"level":"info","time":"2025-01-07T13:26:24.304Z","msg":"Loading projects with limit"}
{"level":"info","time":"2025-01-07T13:26:24.313Z","msg":"Validation passed for loadProjectsByLimit"}
{"level":"info","time":"2025-01-07T13:26:24.378Z","msg":"Fetching current user"}
{"level":"info","time":"2025-01-07T13:26:24.379Z","msg":"Fetching current user"}
{"level":"info","time":"2025-01-07T13:26:24.421Z","msg":"User fetched successfully"}
{"level":"info","time":"2025-01-07T13:26:25.734Z","msg":"10 project(s) found"}
{"level":"info","time":"2025-01-07T13:28:22.655Z","msg":"Deleting project"}
{"level":"info","time":"2025-01-07T13:28:22.857Z","msg":"Project deleted successfully"}
{"level":"info","time":"2025-01-07T13:29:07.749Z","msg":"-----------------------------------------------------------------------------------------"}
{"level":"info","time":"2025-01-07T13:29:07.749Z","msg":"New instance started: 2025-01-07T13:29:07.749Z"}
{"level":"info","time":"2025-01-07T13:29:07.749Z","msg":"Base URL: http://localhost:2580/"}
{"level":"info","time":"2025-01-07T13:29:08.467Z","msg":"MongoDB Connected"}
{"level":"info","time":"2025-01-07T13:29:08.472Z","msg":"Server started on port 2580"}
{"level":"info","time":"2025-01-07T13:29:08.472Z","msg":"Swagger documentation is at 2580/api-docs"}
{"level":"info","time":"2025-01-07T13:30:24.773Z","msg":"Loading projects with limit"}
{"level":"info","time":"2025-01-07T13:30:24.774Z","msg":"Validation passed for loadProjectsByLimit"}
{"level":"info","time":"2025-01-07T13:30:25.878Z","msg":"9 project(s) found"}
{"level":"info","time":"2025-01-07T13:30:26.033Z","msg":"Loading projects with limit"}
{"level":"info","time":"2025-01-07T13:30:26.033Z","msg":"Validation passed for loadProjectsByLimit"}
{"level":"info","time":"2025-01-07T13:30:27.060Z","msg":"9 project(s) found"}
{"level":"info","time":"2025-01-07T13:32:31.991Z","msg":"Loading projects with limit"}
{"level":"info","time":"2025-01-07T13:32:31.995Z","msg":"Validation passed for loadProjectsByLimit"}
{"level":"info","time":"2025-01-07T13:32:33.096Z","msg":"9 project(s) found"}
{"level":"info","time":"2025-01-07T13:32:33.223Z","msg":"Loading projects with limit"}
{"level":"info","time":"2025-01-07T13:32:33.223Z","msg":"Validation passed for loadProjectsByLimit"}
{"level":"info","time":"2025-01-07T13:32:34.288Z","msg":"9 project(s) found"}
{"level":"info","time":"2025-01-07T13:32:45.140Z","msg":"Loading projects with limit"}
{"level":"info","time":"2025-01-07T13:32:45.141Z","msg":"Validation passed for loadProjectsByLimit"}
{"level":"info","time":"2025-01-07T13:32:46.166Z","msg":"9 project(s) found"}
{"level":"info","time":"2025-01-07T13:32:46.271Z","msg":"Loading projects with limit"}
{"level":"info","time":"2025-01-07T13:32:46.271Z","msg":"Validation passed for loadProjectsByLimit"}
{"level":"info","time":"2025-01-07T13:32:47.291Z","msg":"9 project(s) found"}
{"level":"info","time":"2025-01-07T13:37:32.546Z","msg":"Fetching current user"}
{"level":"info","time":"2025-01-07T13:37:32.547Z","msg":"Fetching current user"}
{"level":"info","time":"2025-01-07T13:37:32.630Z","msg":"User fetched successfully"}
{"level":"info","time":"2025-01-07T13:38:16.085Z","msg":"Loading projects with limit"}
{"level":"info","time":"2025-01-07T13:38:16.091Z","msg":"Validation passed for loadProjectsByLimit"}
{"level":"info","time":"2025-01-07T13:38:17.175Z","msg":"9 project(s) found"}
{"level":"info","time":"2025-01-07T13:38:17.307Z","msg":"Loading projects with limit"}
{"level":"info","time":"2025-01-07T13:38:17.307Z","msg":"Validation passed for loadProjectsByLimit"}
{"level":"info","time":"2025-01-07T13:38:18.348Z","msg":"9 project(s) found"}
{"level":"info","time":"2025-01-07T13:38:49.625Z","msg":"Loading projects with limit"}
{"level":"info","time":"2025-01-07T13:38:49.628Z","msg":"Validation passed for loadProjectsByLimit"}
{"level":"info","time":"2025-01-07T13:38:51.078Z","msg":"Fetching current user"}
{"level":"info","time":"2025-01-07T13:38:51.079Z","msg":"Fetching current user"}
{"level":"info","time":"2025-01-07T13:38:51.175Z","msg":"User fetched successfully"}
{"level":"info","time":"2025-01-07T13:38:52.244Z","msg":"9 project(s) found"}
{"level":"info","time":"2025-01-07T13:39:14.567Z","msg":"Creating project initiated"}
{"level":"warn","time":"2025-01-07T13:39:14.580Z","msg":"Validation errors in new-project"}
{"level":"info","time":"2025-01-07T13:39:35.568Z","msg":"Loading projects with limit"}
{"level":"info","time":"2025-01-07T13:39:35.569Z","msg":"Validation passed for loadProjectsByLimit"}
{"level":"info","time":"2025-01-07T13:39:36.637Z","msg":"9 project(s) found"}
{"level":"info","time":"2025-01-07T13:39:36.767Z","msg":"Loading projects with limit"}
{"level":"info","time":"2025-01-07T13:39:36.767Z","msg":"Validation passed for loadProjectsByLimit"}
{"level":"info","time":"2025-01-07T13:39:37.810Z","msg":"9 project(s) found"}
{"level":"info","time":"2025-01-07T14:56:37.982Z","msg":"Loading projects with limit"}
{"level":"info","time":"2025-01-07T14:56:37.983Z","msg":"Validation passed for loadProjectsByLimit"}
{"level":"info","time":"2025-01-07T14:57:04.776Z","msg":"Fetching current user"}
{"level":"info","time":"2025-01-07T14:57:04.781Z","msg":"Fetching current user"}
{"level":"info","time":"2025-01-07T14:57:04.843Z","msg":"User fetched successfully"}
{"level":"info","time":"2025-01-07T14:57:05.105Z","msg":"9 project(s) found"}
{"level":"info","time":"2025-01-07T15:00:46.597Z","msg":"Loading projects with limit"}
{"level":"info","time":"2025-01-07T15:00:46.598Z","msg":"Validation passed for loadProjectsByLimit"}
{"level":"info","time":"2025-01-07T15:00:46.659Z","msg":"Fetching current user"}
{"level":"info","time":"2025-01-07T15:00:46.659Z","msg":"Fetching current user"}
{"level":"info","time":"2025-01-07T15:00:46.695Z","msg":"User fetched successfully"}
{"level":"info","time":"2025-01-07T15:00:47.667Z","msg":"9 project(s) found"}
{"level":"info","time":"2025-01-07T15:14:13.402Z","msg":"Fetching current user"}
{"level":"info","time":"2025-01-07T15:14:13.403Z","msg":"Fetching current user"}
{"level":"info","time":"2025-01-07T15:14:13.444Z","msg":"User fetched successfully"}
{"level":"info","time":"2025-01-07T15:14:25.263Z","msg":"Fetching current user"}
{"level":"info","time":"2025-01-07T15:14:25.263Z","msg":"Fetching current user"}
{"level":"info","time":"2025-01-07T15:14:25.312Z","msg":"User fetched successfully"}
{"level":"info","time":"2025-01-07T15:14:43.450Z","msg":"Fetching current user"}
{"level":"info","time":"2025-01-07T15:14:43.450Z","msg":"Fetching current user"}
{"level":"info","time":"2025-01-07T15:14:43.490Z","msg":"User fetched successfully"}
{"level":"info","time":"2025-01-07T15:15:08.683Z","msg":"Fetching current user"}
{"level":"info","time":"2025-01-07T15:15:08.683Z","msg":"Fetching current user"}
{"level":"info","time":"2025-01-07T15:15:08.729Z","msg":"User fetched successfully"}
{"level":"info","time":"2025-01-07T15:15:15.607Z","msg":"Fetching current user"}
{"level":"info","time":"2025-01-07T15:15:15.607Z","msg":"Fetching current user"}
{"level":"info","time":"2025-01-07T15:15:15.643Z","msg":"User fetched successfully"}
{"level":"info","time":"2025-01-07T15:15:54.449Z","msg":"Fetching current user"}
{"level":"info","time":"2025-01-07T15:15:54.449Z","msg":"Fetching current user"}
{"level":"info","time":"2025-01-07T15:15:54.505Z","msg":"User fetched successfully"}
{"level":"info","time":"2025-01-07T15:15:58.410Z","msg":"Fetching current user"}
{"level":"info","time":"2025-01-07T15:15:58.411Z","msg":"Fetching current user"}
{"level":"info","time":"2025-01-07T15:15:58.446Z","msg":"User fetched successfully"}
{"level":"info","time":"2025-01-07T15:22:46.521Z","msg":"Fetching current user"}
{"level":"info","time":"2025-01-07T15:22:46.522Z","msg":"Fetching current user"}
{"level":"info","time":"2025-01-07T15:22:46.570Z","msg":"User fetched successfully"}
{"level":"info","time":"2025-01-07T15:23:04.085Z","msg":"Fetching current user"}
{"level":"info","time":"2025-01-07T15:23:04.086Z","msg":"Fetching current user"}
{"level":"info","time":"2025-01-07T15:23:04.130Z","msg":"User fetched successfully"}
{"level":"info","time":"2025-01-07T15:23:22.247Z","msg":"Loading projects with limit"}
{"level":"info","time":"2025-01-07T15:23:22.257Z","msg":"Validation passed for loadProjectsByLimit"}
{"level":"info","time":"2025-01-07T15:23:26.865Z","msg":"9 project(s) found"}
{"level":"info","time":"2025-01-07T15:23:27.017Z","msg":"Loading projects with limit"}
{"level":"info","time":"2025-01-07T15:23:27.017Z","msg":"Validation passed for loadProjectsByLimit"}
{"level":"info","time":"2025-01-07T15:23:28.344Z","msg":"9 project(s) found"}
{"level":"info","time":"2025-01-07T15:23:39.254Z","msg":"Fetching current user"}
{"level":"info","time":"2025-01-07T15:23:39.254Z","msg":"Fetching current user"}
{"level":"info","time":"2025-01-07T15:23:39.289Z","msg":"User fetched successfully"}
{"level":"info","time":"2025-01-07T15:26:05.129Z","msg":"Loading projects with limit"}
{"level":"info","time":"2025-01-07T15:26:05.153Z","msg":"Validation passed for loadProjectsByLimit"}
{"level":"info","time":"2025-01-07T15:26:06.999Z","msg":"9 project(s) found"}
{"level":"info","time":"2025-01-07T15:26:07.145Z","msg":"Loading projects with limit"}
{"level":"info","time":"2025-01-07T15:26:07.145Z","msg":"Validation passed for loadProjectsByLimit"}
{"level":"info","time":"2025-01-07T15:26:08.187Z","msg":"9 project(s) found"}
{"level":"info","time":"2025-01-07T15:26:55.702Z","msg":"Fetching current user"}
{"level":"info","time":"2025-01-07T15:26:55.702Z","msg":"Fetching current user"}
{"level":"info","time":"2025-01-07T15:26:55.756Z","msg":"User fetched successfully"}
{"level":"info","time":"2025-01-07T15:28:11.796Z","msg":"Loading projects with limit"}
{"level":"info","time":"2025-01-07T15:28:11.800Z","msg":"Validation passed for loadProjectsByLimit"}
{"level":"info","time":"2025-01-07T15:28:11.883Z","msg":"Fetching current user"}
{"level":"info","time":"2025-01-07T15:28:11.883Z","msg":"Fetching current user"}
{"level":"info","time":"2025-01-07T15:28:11.941Z","msg":"User fetched successfully"}
{"level":"info","time":"2025-01-07T15:28:14.602Z","msg":"Fetching current user"}
{"level":"info","time":"2025-01-07T15:28:14.603Z","msg":"Fetching current user"}
{"level":"info","time":"2025-01-07T15:28:14.648Z","msg":"User fetched successfully"}
{"level":"info","time":"2025-01-07T15:28:15.162Z","msg":"9 project(s) found"}
{"level":"info","time":"2025-01-07T15:28:43.241Z","msg":"Fetching current user"}
{"level":"info","time":"2025-01-07T15:28:43.241Z","msg":"Fetching current user"}
{"level":"info","time":"2025-01-07T15:28:43.304Z","msg":"User fetched successfully"}
{"level":"info","time":"2025-01-07T15:30:05.292Z","msg":"Fetching current user"}
{"level":"info","time":"2025-01-07T15:30:05.292Z","msg":"Fetching current user"}
{"level":"info","time":"2025-01-07T15:30:05.341Z","msg":"User fetched successfully"}
{"level":"info","time":"2025-01-07T15:31:17.388Z","msg":"Fetching current user"}
{"level":"info","time":"2025-01-07T15:31:17.389Z","msg":"Fetching current user"}
{"level":"info","time":"2025-01-07T15:31:17.436Z","msg":"User fetched successfully"}
{"level":"info","time":"2025-01-07T15:31:43.955Z","msg":"Fetching current user"}
{"level":"info","time":"2025-01-07T15:31:43.955Z","msg":"Fetching current user"}
{"level":"info","time":"2025-01-07T15:31:44.006Z","msg":"User fetched successfully"}
{"level":"info","time":"2025-01-07T15:31:49.263Z","msg":"Loading projects with limit"}
{"level":"info","time":"2025-01-07T15:31:49.265Z","msg":"Validation passed for loadProjectsByLimit"}
{"level":"info","time":"2025-01-07T15:31:50.358Z","msg":"9 project(s) found"}
{"level":"info","time":"2025-01-07T15:31:50.492Z","msg":"Loading projects with limit"}
{"level":"info","time":"2025-01-07T15:31:50.492Z","msg":"Validation passed for loadProjectsByLimit"}
{"level":"info","time":"2025-01-07T15:31:52.405Z","msg":"9 project(s) found"}
{"level":"info","time":"2025-01-07T15:32:43.649Z","msg":"Fetching current user"}
{"level":"info","time":"2025-01-07T15:32:43.650Z","msg":"Fetching current user"}
{"level":"info","time":"2025-01-07T15:32:43.706Z","msg":"User fetched successfully"}
{"level":"info","time":"2025-01-07T15:33:15.050Z","msg":"Fetching current user"}
{"level":"info","time":"2025-01-07T15:33:15.051Z","msg":"Fetching current user"}
{"level":"info","time":"2025-01-07T15:33:15.087Z","msg":"User fetched successfully"}
{"level":"info","time":"2025-01-07T15:34:23.185Z","msg":"Fetching current user"}
{"level":"info","time":"2025-01-07T15:34:23.193Z","msg":"Fetching current user"}
{"level":"info","time":"2025-01-07T15:34:23.284Z","msg":"User fetched successfully"}
{"level":"info","time":"2025-01-07T15:34:44.153Z","msg":"Loading projects with limit"}
{"level":"info","time":"2025-01-07T15:34:44.156Z","msg":"Validation passed for loadProjectsByLimit"}
{"level":"info","time":"2025-01-07T15:34:44.229Z","msg":"Fetching current user"}
{"level":"info","time":"2025-01-07T15:34:44.229Z","msg":"Fetching current user"}
{"level":"info","time":"2025-01-07T15:34:44.275Z","msg":"User fetched successfully"}
{"level":"info","time":"2025-01-07T15:34:45.766Z","msg":"9 project(s) found"}
{"level":"info","time":"2025-01-07T15:38:21.388Z","msg":"Loading projects with limit"}
{"level":"info","time":"2025-01-07T15:38:21.391Z","msg":"Validation passed for loadProjectsByLimit"}
{"level":"info","time":"2025-01-07T15:38:21.483Z","msg":"Fetching current user"}
{"level":"info","time":"2025-01-07T15:38:21.483Z","msg":"Fetching current user"}
{"level":"info","time":"2025-01-07T15:38:21.484Z","msg":"Fetching current user"}
{"level":"info","time":"2025-01-07T15:38:21.484Z","msg":"Fetching current user"}
{"level":"info","time":"2025-01-07T15:38:21.540Z","msg":"User fetched successfully"}
{"level":"info","time":"2025-01-07T15:38:21.543Z","msg":"User fetched successfully"}
{"level":"info","time":"2025-01-07T15:38:22.430Z","msg":"Loading projects with limit"}
{"level":"info","time":"2025-01-07T15:38:22.431Z","msg":"Validation passed for loadProjectsByLimit"}
{"level":"info","time":"2025-01-07T15:38:22.463Z","msg":"Fetching current user"}
{"level":"info","time":"2025-01-07T15:38:22.463Z","msg":"Fetching current user"}
{"level":"info","time":"2025-01-07T15:38:22.491Z","msg":"User fetched successfully"}
{"level":"info","time":"2025-01-07T15:38:22.812Z","msg":"9 project(s) found"}
{"level":"info","time":"2025-01-07T15:38:25.988Z","msg":"9 project(s) found"}
{"level":"info","time":"2025-01-07T15:39:27.050Z","msg":"Loading projects with limit"}
{"level":"info","time":"2025-01-07T15:39:27.052Z","msg":"Validation passed for loadProjectsByLimit"}
{"level":"info","time":"2025-01-07T15:39:27.142Z","msg":"Fetching current user"}
{"level":"info","time":"2025-01-07T15:39:27.142Z","msg":"Fetching current user"}
{"level":"info","time":"2025-01-07T15:39:27.222Z","msg":"User fetched successfully"}
{"level":"info","time":"2025-01-07T15:39:28.964Z","msg":"9 project(s) found"}
{"level":"info","time":"2025-01-07T15:40:53.150Z","msg":"Loading projects with limit"}
{"level":"info","time":"2025-01-07T15:40:53.157Z","msg":"Validation passed for loadProjectsByLimit"}
{"level":"info","time":"2025-01-07T15:40:53.239Z","msg":"Fetching current user"}
{"level":"info","time":"2025-01-07T15:40:53.239Z","msg":"Fetching current user"}
{"level":"info","time":"2025-01-07T15:40:53.293Z","msg":"User fetched successfully"}
{"level":"info","time":"2025-01-07T15:40:54.672Z","msg":"9 project(s) found"}
{"level":"info","time":"2025-01-07T15:40:56.302Z","msg":"Loading projects with limit"}
{"level":"info","time":"2025-01-07T15:40:56.303Z","msg":"Validation passed for loadProjectsByLimit"}
{"level":"info","time":"2025-01-07T15:40:56.373Z","msg":"Fetching current user"}
{"level":"info","time":"2025-01-07T15:40:56.373Z","msg":"Fetching current user"}
{"level":"info","time":"2025-01-07T15:40:56.412Z","msg":"User fetched successfully"}
{"level":"info","time":"2025-01-07T15:40:57.745Z","msg":"9 project(s) found"}
{"level":"info","time":"2025-01-07T15:41:06.290Z","msg":"Loading projects with limit"}
{"level":"info","time":"2025-01-07T15:41:06.291Z","msg":"Validation passed for loadProjectsByLimit"}
{"level":"info","time":"2025-01-07T15:41:06.360Z","msg":"Fetching current user"}
{"level":"info","time":"2025-01-07T15:41:06.360Z","msg":"Fetching current user"}
{"level":"info","time":"2025-01-07T15:41:06.388Z","msg":"User fetched successfully"}
{"level":"info","time":"2025-01-07T15:41:07.684Z","msg":"9 project(s) found"}
{"level":"info","time":"2025-01-07T15:41:16.572Z","msg":"Loading projects with limit"}
{"level":"info","time":"2025-01-07T15:41:16.573Z","msg":"Validation passed for loadProjectsByLimit"}
{"level":"info","time":"2025-01-07T15:41:16.608Z","msg":"Fetching current user"}
{"level":"info","time":"2025-01-07T15:41:16.608Z","msg":"Fetching current user"}
{"level":"info","time":"2025-01-07T15:41:16.687Z","msg":"User fetched successfully"}
{"level":"info","time":"2025-01-07T15:41:17.808Z","msg":"9 project(s) found"}
{"level":"info","time":"2025-01-07T15:41:35.364Z","msg":"Loading projects with limit"}
{"level":"info","time":"2025-01-07T15:41:35.370Z","msg":"Validation passed for loadProjectsByLimit"}
{"level":"info","time":"2025-01-07T15:41:35.438Z","msg":"Fetching current user"}
{"level":"info","time":"2025-01-07T15:41:35.438Z","msg":"Fetching current user"}
{"level":"info","time":"2025-01-07T15:41:35.487Z","msg":"User fetched successfully"}
{"level":"info","time":"2025-01-07T15:41:36.758Z","msg":"9 project(s) found"}
{"level":"info","time":"2025-01-07T15:41:46.090Z","msg":"Loading projects with limit"}
{"level":"info","time":"2025-01-07T15:41:46.091Z","msg":"Validation passed for loadProjectsByLimit"}
{"level":"info","time":"2025-01-07T15:41:46.131Z","msg":"Fetching current user"}
{"level":"info","time":"2025-01-07T15:41:46.131Z","msg":"Fetching current user"}
{"level":"info","time":"2025-01-07T15:41:46.177Z","msg":"User fetched successfully"}
{"level":"info","time":"2025-01-07T15:41:47.409Z","msg":"9 project(s) found"}
{"level":"info","time":"2025-01-07T15:42:05.664Z","msg":"Loading projects with limit"}
{"level":"info","time":"2025-01-07T15:42:05.668Z","msg":"Validation passed for loadProjectsByLimit"}
{"level":"info","time":"2025-01-07T15:42:05.736Z","msg":"Fetching current user"}
{"level":"info","time":"2025-01-07T15:42:05.737Z","msg":"Fetching current user"}
{"level":"info","time":"2025-01-07T15:42:05.792Z","msg":"User fetched successfully"}
{"level":"info","time":"2025-01-07T15:42:13.166Z","msg":"9 project(s) found"}
{"level":"info","time":"2025-01-07T15:42:39.014Z","msg":"Loading projects with limit"}
{"level":"info","time":"2025-01-07T15:42:39.015Z","msg":"Validation passed for loadProjectsByLimit"}
{"level":"info","time":"2025-01-07T15:42:39.071Z","msg":"Fetching current user"}
{"level":"info","time":"2025-01-07T15:42:39.071Z","msg":"Fetching current user"}
{"level":"info","time":"2025-01-07T15:42:39.117Z","msg":"User fetched successfully"}
{"level":"info","time":"2025-01-07T15:42:40.354Z","msg":"9 project(s) found"}
{"level":"info","time":"2025-01-07T15:43:49.995Z","msg":"Loading projects with limit"}
{"level":"info","time":"2025-01-07T15:43:50.001Z","msg":"Validation passed for loadProjectsByLimit"}
{"level":"info","time":"2025-01-07T15:43:50.078Z","msg":"Fetching current user"}
{"level":"info","time":"2025-01-07T15:43:50.078Z","msg":"Fetching current user"}
{"level":"info","time":"2025-01-07T15:43:50.137Z","msg":"User fetched successfully"}
{"level":"info","time":"2025-01-07T15:43:51.206Z","msg":"9 project(s) found"}
{"level":"info","time":"2025-01-07T15:43:59.853Z","msg":"Loading projects with limit"}
{"level":"info","time":"2025-01-07T15:43:59.854Z","msg":"Validation passed for loadProjectsByLimit"}
{"level":"info","time":"2025-01-07T15:43:59.914Z","msg":"Fetching current user"}
{"level":"info","time":"2025-01-07T15:43:59.914Z","msg":"Fetching current user"}
{"level":"info","time":"2025-01-07T15:43:59.967Z","msg":"User fetched successfully"}
{"level":"info","time":"2025-01-07T15:44:01.036Z","msg":"9 project(s) found"}
{"level":"info","time":"2025-01-07T15:44:10.197Z","msg":"Loading projects with limit"}
{"level":"info","time":"2025-01-07T15:44:10.197Z","msg":"Validation passed for loadProjectsByLimit"}
{"level":"info","time":"2025-01-07T15:44:10.265Z","msg":"Fetching current user"}
{"level":"info","time":"2025-01-07T15:44:10.265Z","msg":"Fetching current user"}
{"level":"info","time":"2025-01-07T15:44:10.309Z","msg":"User fetched successfully"}
{"level":"info","time":"2025-01-07T15:44:11.231Z","msg":"9 project(s) found"}
{"level":"info","time":"2025-01-07T15:44:40.548Z","msg":"Loading projects with limit"}
{"level":"info","time":"2025-01-07T15:44:40.550Z","msg":"Validation passed for loadProjectsByLimit"}
{"level":"info","time":"2025-01-07T15:44:40.620Z","msg":"Fetching current user"}
{"level":"info","time":"2025-01-07T15:44:40.621Z","msg":"Fetching current user"}
{"level":"info","time":"2025-01-07T15:44:40.670Z","msg":"User fetched successfully"}
{"level":"info","time":"2025-01-07T15:44:42.052Z","msg":"9 project(s) found"}
{"level":"info","time":"2025-01-07T15:46:03.271Z","msg":"Loading projects with limit"}
{"level":"info","time":"2025-01-07T15:46:03.272Z","msg":"Validation passed for loadProjectsByLimit"}
{"level":"info","time":"2025-01-07T15:46:03.323Z","msg":"Fetching current user"}
{"level":"info","time":"2025-01-07T15:46:03.323Z","msg":"Fetching current user"}
{"level":"info","time":"2025-01-07T15:46:03.405Z","msg":"User fetched successfully"}
{"level":"info","time":"2025-01-07T15:46:04.995Z","msg":"9 project(s) found"}
{"level":"info","time":"2025-01-07T15:47:32.485Z","msg":"Loading projects with limit"}
{"level":"info","time":"2025-01-07T15:47:32.487Z","msg":"Validation passed for loadProjectsByLimit"}
{"level":"info","time":"2025-01-07T15:47:33.062Z","msg":"Fetching current user"}
{"level":"info","time":"2025-01-07T15:47:33.062Z","msg":"Fetching current user"}
{"level":"info","time":"2025-01-07T15:47:33.107Z","msg":"User fetched successfully"}
{"level":"info","time":"2025-01-07T15:47:36.744Z","msg":"9 project(s) found"}
{"level":"info","time":"2025-01-07T15:47:45.077Z","msg":"Loading projects with limit"}
{"level":"info","time":"2025-01-07T15:47:45.078Z","msg":"Validation passed for loadProjectsByLimit"}
{"level":"info","time":"2025-01-07T15:47:45.145Z","msg":"Fetching current user"}
{"level":"info","time":"2025-01-07T15:47:45.145Z","msg":"Fetching current user"}
{"level":"info","time":"2025-01-07T15:47:45.185Z","msg":"User fetched successfully"}
{"level":"info","time":"2025-01-07T15:47:48.669Z","msg":"9 project(s) found"}
{"level":"info","time":"2025-01-07T15:49:42.164Z","msg":"Loading projects with limit"}
{"level":"info","time":"2025-01-07T15:49:42.165Z","msg":"Validation passed for loadProjectsByLimit"}
{"level":"info","time":"2025-01-07T15:49:47.062Z","msg":"9 project(s) found"}
{"level":"info","time":"2025-01-07T15:49:47.193Z","msg":"Loading projects with limit"}
{"level":"info","time":"2025-01-07T15:49:47.193Z","msg":"Validation passed for loadProjectsByLimit"}
{"level":"info","time":"2025-01-07T15:49:49.088Z","msg":"9 project(s) found"}
{"level":"info","time":"2025-01-07T15:50:32.920Z","msg":"Creating project initiated"}
{"level":"warn","time":"2025-01-07T15:50:32.937Z","msg":"Validation errors in new-project"}
{"level":"info","time":"2025-01-07T15:50:35.460Z","msg":"Loading projects with limit"}
{"level":"info","time":"2025-01-07T15:50:35.460Z","msg":"Validation passed for loadProjectsByLimit"}
{"level":"info","time":"2025-01-07T15:50:37.424Z","msg":"9 project(s) found"}
{"level":"info","time":"2025-01-07T15:50:37.564Z","msg":"Loading projects with limit"}
{"level":"info","time":"2025-01-07T15:50:37.564Z","msg":"Validation passed for loadProjectsByLimit"}
{"level":"info","time":"2025-01-07T15:50:39.267Z","msg":"9 project(s) found"}
{"level":"info","time":"2025-01-07T15:51:22.093Z","msg":"Loading projects with limit"}
{"level":"info","time":"2025-01-07T15:51:22.093Z","msg":"Validation passed for loadProjectsByLimit"}
{"level":"info","time":"2025-01-07T15:51:23.762Z","msg":"9 project(s) found"}
{"level":"info","time":"2025-01-07T15:51:23.878Z","msg":"Loading projects with limit"}
{"level":"info","time":"2025-01-07T15:51:23.878Z","msg":"Validation passed for loadProjectsByLimit"}
{"level":"info","time":"2025-01-07T15:51:25.402Z","msg":"9 project(s) found"}
{"level":"info","time":"2025-01-07T15:51:46.168Z","msg":"Loading projects with limit"}
{"level":"info","time":"2025-01-07T15:51:46.173Z","msg":"Validation passed for loadProjectsByLimit"}
{"level":"info","time":"2025-01-07T15:51:47.462Z","msg":"9 project(s) found"}
{"level":"info","time":"2025-01-07T15:51:47.596Z","msg":"Loading projects with limit"}
{"level":"info","time":"2025-01-07T15:51:47.596Z","msg":"Validation passed for loadProjectsByLimit"}
{"level":"info","time":"2025-01-07T15:51:48.850Z","msg":"9 project(s) found"}
{"level":"info","time":"2025-01-07T15:52:04.306Z","msg":"Loading projects with limit"}
{"level":"info","time":"2025-01-07T15:52:04.308Z","msg":"Validation passed for loadProjectsByLimit"}
{"level":"info","time":"2025-01-07T15:52:04.374Z","msg":"Fetching current user"}
{"level":"info","time":"2025-01-07T15:52:04.374Z","msg":"Fetching current user"}
{"level":"info","time":"2025-01-07T15:52:04.416Z","msg":"User fetched successfully"}
{"level":"info","time":"2025-01-07T15:52:05.644Z","msg":"9 project(s) found"}
{"level":"info","time":"2025-01-07T15:52:19.315Z","msg":"Loading projects with limit"}
{"level":"info","time":"2025-01-07T15:52:19.316Z","msg":"Validation passed for loadProjectsByLimit"}
{"level":"info","time":"2025-01-07T15:52:20.593Z","msg":"9 project(s) found"}
{"level":"info","time":"2025-01-07T15:52:20.720Z","msg":"Loading projects with limit"}
{"level":"info","time":"2025-01-07T15:52:20.720Z","msg":"Validation passed for loadProjectsByLimit"}
{"level":"info","time":"2025-01-07T15:52:21.869Z","msg":"9 project(s) found"}
{"level":"info","time":"2025-01-07T15:52:33.941Z","msg":"Loading projects with limit"}
{"level":"info","time":"2025-01-07T15:52:33.947Z","msg":"Validation passed for loadProjectsByLimit"}
{"level":"info","time":"2025-01-07T15:52:34.007Z","msg":"Fetching current user"}
{"level":"info","time":"2025-01-07T15:52:34.008Z","msg":"Fetching current user"}
{"level":"info","time":"2025-01-07T15:52:34.058Z","msg":"User fetched successfully"}
{"level":"info","time":"2025-01-07T15:52:35.036Z","msg":"9 project(s) found"}
{"level":"info","time":"2025-01-07T15:52:39.206Z","msg":"Loading projects with limit"}
{"level":"info","time":"2025-01-07T15:52:39.208Z","msg":"Validation passed for loadProjectsByLimit"}
{"level":"info","time":"2025-01-07T15:52:39.290Z","msg":"Fetching current user"}
{"level":"info","time":"2025-01-07T15:52:39.291Z","msg":"Fetching current user"}
{"level":"info","time":"2025-01-07T15:52:39.333Z","msg":"User fetched successfully"}
{"level":"info","time":"2025-01-07T15:52:40.460Z","msg":"9 project(s) found"}
{"level":"info","time":"2025-01-07T15:52:56.317Z","msg":"Loading projects with limit"}
{"level":"info","time":"2025-01-07T15:52:56.318Z","msg":"Validation passed for loadProjectsByLimit"}
{"level":"info","time":"2025-01-07T15:52:57.405Z","msg":"9 project(s) found"}
{"level":"info","time":"2025-01-07T15:52:57.542Z","msg":"Loading projects with limit"}
{"level":"info","time":"2025-01-07T15:52:57.542Z","msg":"Validation passed for loadProjectsByLimit"}
{"level":"info","time":"2025-01-07T15:52:58.890Z","msg":"9 project(s) found"}
{"level":"info","time":"2025-01-07T15:53:05.139Z","msg":"Loading projects with limit"}
{"level":"info","time":"2025-01-07T15:53:05.140Z","msg":"Validation passed for loadProjectsByLimit"}
{"level":"info","time":"2025-01-07T15:53:06.210Z","msg":"9 project(s) found"}
{"level":"info","time":"2025-01-07T15:53:06.355Z","msg":"Loading projects with limit"}
{"level":"info","time":"2025-01-07T15:53:06.355Z","msg":"Validation passed for loadProjectsByLimit"}
{"level":"info","time":"2025-01-07T15:53:07.491Z","msg":"9 project(s) found"}
{"level":"info","time":"2025-01-07T15:53:07.583Z","msg":"Loading projects with limit"}
{"level":"info","time":"2025-01-07T15:53:07.584Z","msg":"Validation passed for loadProjectsByLimit"}
{"level":"info","time":"2025-01-07T15:53:08.620Z","msg":"9 project(s) found"}
{"level":"info","time":"2025-01-07T15:53:08.745Z","msg":"Loading projects with limit"}
{"level":"info","time":"2025-01-07T15:53:08.745Z","msg":"Validation passed for loadProjectsByLimit"}
{"level":"info","time":"2025-01-07T15:53:09.811Z","msg":"9 project(s) found"}
{"level":"info","time":"2025-01-07T15:53:38.720Z","msg":"Loading projects with limit"}
{"level":"info","time":"2025-01-07T15:53:38.721Z","msg":"Validation passed for loadProjectsByLimit"}
{"level":"info","time":"2025-01-07T15:53:39.798Z","msg":"9 project(s) found"}
{"level":"info","time":"2025-01-07T15:53:39.923Z","msg":"Loading projects with limit"}
{"level":"info","time":"2025-01-07T15:53:39.923Z","msg":"Validation passed for loadProjectsByLimit"}
{"level":"info","time":"2025-01-07T15:53:40.965Z","msg":"9 project(s) found"}
{"level":"info","time":"2025-01-07T15:53:42.746Z","msg":"Loading projects with limit"}
{"level":"info","time":"2025-01-07T15:53:42.747Z","msg":"Validation passed for loadProjectsByLimit"}
{"level":"info","time":"2025-01-07T15:53:44.153Z","msg":"9 project(s) found"}
{"level":"info","time":"2025-01-07T15:53:44.287Z","msg":"Loading projects with limit"}
{"level":"info","time":"2025-01-07T15:53:44.287Z","msg":"Validation passed for loadProjectsByLimit"}
{"level":"info","time":"2025-01-07T15:53:45.531Z","msg":"9 project(s) found"}
{"level":"info","time":"2025-01-07T15:54:10.625Z","msg":"Loading projects with limit"}
{"level":"info","time":"2025-01-07T15:54:10.630Z","msg":"Validation passed for loadProjectsByLimit"}
{"level":"info","time":"2025-01-07T15:54:12.107Z","msg":"9 project(s) found"}
{"level":"info","time":"2025-01-07T15:54:12.243Z","msg":"Loading projects with limit"}
{"level":"info","time":"2025-01-07T15:54:12.244Z","msg":"Validation passed for loadProjectsByLimit"}
{"level":"info","time":"2025-01-07T15:54:13.278Z","msg":"9 project(s) found"}
{"level":"info","time":"2025-01-07T15:54:14.175Z","msg":"Loading projects with limit"}
{"level":"info","time":"2025-01-07T15:54:14.175Z","msg":"Validation passed for loadProjectsByLimit"}
{"level":"info","time":"2025-01-07T15:54:15.690Z","msg":"9 project(s) found"}
{"level":"info","time":"2025-01-07T15:54:15.815Z","msg":"Loading projects with limit"}
{"level":"info","time":"2025-01-07T15:54:15.815Z","msg":"Validation passed for loadProjectsByLimit"}
{"level":"info","time":"2025-01-07T15:54:17.068Z","msg":"9 project(s) found"}
{"level":"info","time":"2025-01-07T15:54:41.654Z","msg":"Loading projects with limit"}
{"level":"info","time":"2025-01-07T15:54:41.655Z","msg":"Validation passed for loadProjectsByLimit"}
{"level":"info","time":"2025-01-07T15:54:41.723Z","msg":"Fetching current user"}
{"level":"info","time":"2025-01-07T15:54:41.723Z","msg":"Fetching current user"}
{"level":"info","time":"2025-01-07T15:54:41.801Z","msg":"User fetched successfully"}
{"level":"info","time":"2025-01-07T15:54:42.723Z","msg":"9 project(s) found"}
{"level":"info","time":"2025-01-07T15:54:48.515Z","msg":"Loading projects with limit"}
{"level":"info","time":"2025-01-07T15:54:48.525Z","msg":"Validation passed for loadProjectsByLimit"}
{"level":"info","time":"2025-01-07T15:54:48.565Z","msg":"Fetching current user"}
{"level":"info","time":"2025-01-07T15:54:48.565Z","msg":"Fetching current user"}
{"level":"info","time":"2025-01-07T15:54:48.606Z","msg":"User fetched successfully"}
{"level":"info","time":"2025-01-07T15:54:49.833Z","msg":"9 project(s) found"}
{"level":"info","time":"2025-01-07T15:55:03.307Z","msg":"Loading projects with limit"}
{"level":"info","time":"2025-01-07T15:55:03.327Z","msg":"Validation passed for loadProjectsByLimit"}
{"level":"info","time":"2025-01-07T15:55:05.091Z","msg":"9 project(s) found"}
{"level":"info","time":"2025-01-07T15:55:05.213Z","msg":"Loading projects with limit"}
{"level":"info","time":"2025-01-07T15:55:05.213Z","msg":"Validation passed for loadProjectsByLimit"}
{"level":"info","time":"2025-01-07T15:55:06.627Z","msg":"9 project(s) found"}
{"level":"info","time":"2025-01-07T15:55:08.212Z","msg":"Loading projects with limit"}
{"level":"info","time":"2025-01-07T15:55:08.212Z","msg":"Validation passed for loadProjectsByLimit"}
{"level":"info","time":"2025-01-07T15:55:09.698Z","msg":"9 project(s) found"}
{"level":"info","time":"2025-01-07T15:55:09.807Z","msg":"Loading projects with limit"}
{"level":"info","time":"2025-01-07T15:55:09.807Z","msg":"Validation passed for loadProjectsByLimit"}
{"level":"info","time":"2025-01-07T15:55:11.234Z","msg":"9 project(s) found"}
{"level":"info","time":"2025-01-07T15:56:04.883Z","msg":"Loading projects with limit"}
{"level":"info","time":"2025-01-07T15:56:04.885Z","msg":"Validation passed for loadProjectsByLimit"}
{"level":"info","time":"2025-01-07T15:56:06.279Z","msg":"9 project(s) found"}
{"level":"info","time":"2025-01-07T15:56:06.408Z","msg":"Loading projects with limit"}
{"level":"info","time":"2025-01-07T15:56:06.408Z","msg":"Validation passed for loadProjectsByLimit"}
{"level":"info","time":"2025-01-07T15:56:07.762Z","msg":"9 project(s) found"}
{"level":"info","time":"2025-01-07T15:56:09.692Z","msg":"Loading projects with limit"}
{"level":"info","time":"2025-01-07T15:56:09.693Z","msg":"Validation passed for loadProjectsByLimit"}
{"level":"info","time":"2025-01-07T15:56:10.992Z","msg":"9 project(s) found"}
{"level":"info","time":"2025-01-07T15:56:11.121Z","msg":"Loading projects with limit"}
{"level":"info","time":"2025-01-07T15:56:11.121Z","msg":"Validation passed for loadProjectsByLimit"}
{"level":"info","time":"2025-01-07T15:56:12.368Z","msg":"9 project(s) found"}
{"level":"info","time":"2025-01-07T15:56:22.635Z","msg":"Loading projects with limit"}
{"level":"info","time":"2025-01-07T15:56:22.638Z","msg":"Validation passed for loadProjectsByLimit"}
{"level":"info","time":"2025-01-07T15:56:23.941Z","msg":"9 project(s) found"}
{"level":"info","time":"2025-01-07T15:56:24.052Z","msg":"Loading projects with limit"}
{"level":"info","time":"2025-01-07T15:56:24.052Z","msg":"Validation passed for loadProjectsByLimit"}
{"level":"info","time":"2025-01-07T15:56:25.271Z","msg":"9 project(s) found"}
{"level":"info","time":"2025-01-07T15:56:55.350Z","msg":"Loading projects with limit"}
{"level":"info","time":"2025-01-07T15:56:55.352Z","msg":"Validation passed for loadProjectsByLimit"}
{"level":"info","time":"2025-01-07T15:56:56.812Z","msg":"9 project(s) found"}
{"level":"info","time":"2025-01-07T15:56:56.942Z","msg":"Loading projects with limit"}
{"level":"info","time":"2025-01-07T15:56:56.942Z","msg":"Validation passed for loadProjectsByLimit"}
{"level":"info","time":"2025-01-07T15:56:58.243Z","msg":"9 project(s) found"}
{"level":"info","time":"2025-01-07T15:57:00.264Z","msg":"Loading projects with limit"}
{"level":"info","time":"2025-01-07T15:57:00.264Z","msg":"Validation passed for loadProjectsByLimit"}
{"level":"info","time":"2025-01-07T15:57:01.782Z","msg":"9 project(s) found"}
{"level":"info","time":"2025-01-07T15:57:01.907Z","msg":"Loading projects with limit"}
{"level":"info","time":"2025-01-07T15:57:01.907Z","msg":"Validation passed for loadProjectsByLimit"}
{"level":"info","time":"2025-01-07T15:57:03.159Z","msg":"9 project(s) found"}
{"level":"info","time":"2025-01-07T15:57:36.889Z","msg":"Creating project initiated"}
{"level":"warn","time":"2025-01-07T15:57:36.902Z","msg":"Validation errors in new-project"}
{"level":"info","time":"2025-01-07T16:00:03.158Z","msg":"Creating project initiated"}
{"level":"warn","time":"2025-01-07T16:00:03.166Z","msg":"Validation errors in new-project"}
{"level":"info","time":"2025-01-07T16:00:39.773Z","msg":"Creating project initiated"}
{"level":"warn","time":"2025-01-07T16:00:39.790Z","msg":"Validation errors in new-project"}
{"level":"info","time":"2025-01-07T16:00:45.058Z","msg":"Creating project initiated"}
{"level":"warn","time":"2025-01-07T16:00:45.060Z","msg":"Validation errors in new-project"}
{"level":"info","time":"2025-01-07T16:01:15.463Z","msg":"Loading projects with limit"}
{"level":"info","time":"2025-01-07T16:01:15.465Z","msg":"Validation passed for loadProjectsByLimit"}
{"level":"info","time":"2025-01-07T16:01:18.011Z","msg":"9 project(s) found"}
{"level":"info","time":"2025-01-07T16:01:18.148Z","msg":"Loading projects with limit"}
{"level":"info","time":"2025-01-07T16:01:18.149Z","msg":"Validation passed for loadProjectsByLimit"}
{"level":"info","time":"2025-01-07T16:01:19.401Z","msg":"9 project(s) found"}
{"level":"info","time":"2025-01-07T16:01:19.539Z","msg":"Loading projects with limit"}
{"level":"info","time":"2025-01-07T16:01:19.539Z","msg":"Validation passed for loadProjectsByLimit"}
{"level":"info","time":"2025-01-07T16:01:21.140Z","msg":"9 project(s) found"}
{"level":"info","time":"2025-01-07T16:01:21.289Z","msg":"Loading projects with limit"}
{"level":"info","time":"2025-01-07T16:01:21.289Z","msg":"Validation passed for loadProjectsByLimit"}
{"level":"info","time":"2025-01-07T16:01:22.413Z","msg":"9 project(s) found"}
{"level":"info","time":"2025-01-07T16:01:24.524Z","msg":"Loading projects with limit"}
{"level":"info","time":"2025-01-07T16:01:24.524Z","msg":"Validation passed for loadProjectsByLimit"}
{"level":"info","time":"2025-01-07T16:01:25.748Z","msg":"9 project(s) found"}
{"level":"info","time":"2025-01-07T16:01:25.863Z","msg":"Loading projects with limit"}
{"level":"info","time":"2025-01-07T16:01:25.863Z","msg":"Validation passed for loadProjectsByLimit"}
{"level":"info","time":"2025-01-07T16:01:27.228Z","msg":"9 project(s) found"}
{"level":"info","time":"2025-01-07T16:01:27.356Z","msg":"Loading projects with limit"}
{"level":"info","time":"2025-01-07T16:01:27.356Z","msg":"Validation passed for loadProjectsByLimit"}
{"level":"info","time":"2025-01-07T16:01:28.513Z","msg":"9 project(s) found"}
{"level":"info","time":"2025-01-07T16:01:28.638Z","msg":"Loading projects with limit"}
{"level":"info","time":"2025-01-07T16:01:28.638Z","msg":"Validation passed for loadProjectsByLimit"}
{"level":"info","time":"2025-01-07T16:01:29.742Z","msg":"9 project(s) found"}
{"level":"info","time":"2025-01-07T16:01:35.946Z","msg":"Loading projects with limit"}
{"level":"info","time":"2025-01-07T16:01:35.948Z","msg":"Validation passed for loadProjectsByLimit"}
{"level":"info","time":"2025-01-07T16:01:37.059Z","msg":"9 project(s) found"}
{"level":"info","time":"2025-01-07T16:01:37.150Z","msg":"Loading projects with limit"}
{"level":"info","time":"2025-01-07T16:01:37.150Z","msg":"Validation passed for loadProjectsByLimit"}
{"level":"info","time":"2025-01-07T16:01:38.345Z","msg":"9 project(s) found"}
{"level":"info","time":"2025-01-07T16:02:47.365Z","msg":"Loading projects with limit"}
{"level":"info","time":"2025-01-07T16:02:47.375Z","msg":"Validation passed for loadProjectsByLimit"}
{"level":"info","time":"2025-01-07T16:02:48.488Z","msg":"9 project(s) found"}
{"level":"info","time":"2025-01-07T16:02:48.624Z","msg":"Loading projects with limit"}
{"level":"info","time":"2025-01-07T16:02:48.624Z","msg":"Validation passed for loadProjectsByLimit"}
{"level":"info","time":"2025-01-07T16:02:49.717Z","msg":"9 project(s) found"}
{"level":"info","time":"2025-01-07T16:02:55.676Z","msg":"Loading projects with limit"}
{"level":"info","time":"2025-01-07T16:02:55.677Z","msg":"Validation passed for loadProjectsByLimit"}
{"level":"info","time":"2025-01-07T16:02:55.768Z","msg":"Fetching current user"}
{"level":"info","time":"2025-01-07T16:02:55.768Z","msg":"Fetching current user"}
{"level":"info","time":"2025-01-07T16:02:55.808Z","msg":"User fetched successfully"}
{"level":"info","time":"2025-01-07T16:02:56.828Z","msg":"9 project(s) found"}
{"level":"info","time":"2025-01-07T16:03:00.642Z","msg":"Loading projects with limit"}
{"level":"info","time":"2025-01-07T16:03:00.645Z","msg":"Validation passed for loadProjectsByLimit"}
{"level":"info","time":"2025-01-07T16:03:00.727Z","msg":"Fetching current user"}
{"level":"info","time":"2025-01-07T16:03:00.727Z","msg":"Fetching current user"}
{"level":"info","time":"2025-01-07T16:03:00.773Z","msg":"User fetched successfully"}
{"level":"info","time":"2025-01-07T16:03:01.800Z","msg":"9 project(s) found"}
{"level":"info","time":"2025-01-07T16:03:07.126Z","msg":"Loading projects with limit"}
{"level":"info","time":"2025-01-07T16:03:07.127Z","msg":"Validation passed for loadProjectsByLimit"}
{"level":"info","time":"2025-01-07T16:03:07.175Z","msg":"Fetching current user"}
{"level":"info","time":"2025-01-07T16:03:07.175Z","msg":"Fetching current user"}
{"level":"info","time":"2025-01-07T16:03:07.226Z","msg":"User fetched successfully"}
{"level":"info","time":"2025-01-07T16:03:08.148Z","msg":"9 project(s) found"}
{"level":"info","time":"2025-01-07T16:03:16.258Z","msg":"Loading projects with limit"}
{"level":"info","time":"2025-01-07T16:03:16.258Z","msg":"Validation passed for loadProjectsByLimit"}
{"level":"info","time":"2025-01-07T16:03:17.309Z","msg":"9 project(s) found"}
{"level":"info","time":"2025-01-07T16:03:17.445Z","msg":"Loading projects with limit"}
{"level":"info","time":"2025-01-07T16:03:17.445Z","msg":"Validation passed for loadProjectsByLimit"}
{"level":"info","time":"2025-01-07T16:03:18.539Z","msg":"9 project(s) found"}
{"level":"info","time":"2025-01-07T16:05:56.261Z","msg":"Loading projects with limit"}
{"level":"info","time":"2025-01-07T16:05:56.263Z","msg":"Validation passed for loadProjectsByLimit"}
{"level":"info","time":"2025-01-07T16:05:57.520Z","msg":"9 project(s) found"}
{"level":"info","time":"2025-01-07T16:05:57.654Z","msg":"Loading projects with limit"}
{"level":"info","time":"2025-01-07T16:05:57.654Z","msg":"Validation passed for loadProjectsByLimit"}
{"level":"info","time":"2025-01-07T16:05:58.691Z","msg":"9 project(s) found"}
{"level":"info","time":"2025-01-07T16:05:58.794Z","msg":"Loading projects with limit"}
{"level":"info","time":"2025-01-07T16:05:58.794Z","msg":"Validation passed for loadProjectsByLimit"}
{"level":"info","time":"2025-01-07T16:05:59.821Z","msg":"9 project(s) found"}
{"level":"info","time":"2025-01-07T16:05:59.954Z","msg":"Loading projects with limit"}
{"level":"info","time":"2025-01-07T16:05:59.954Z","msg":"Validation passed for loadProjectsByLimit"}
{"level":"info","time":"2025-01-07T16:06:00.948Z","msg":"9 project(s) found"}
{"level":"info","time":"2025-01-07T16:06:12.622Z","msg":"Loading projects with limit"}
{"level":"info","time":"2025-01-07T16:06:12.623Z","msg":"Validation passed for loadProjectsByLimit"}
{"level":"info","time":"2025-01-07T16:06:12.685Z","msg":"Fetching current user"}
{"level":"info","time":"2025-01-07T16:06:12.685Z","msg":"Fetching current user"}
{"level":"info","time":"2025-01-07T16:06:12.724Z","msg":"User fetched successfully"}
{"level":"info","time":"2025-01-07T16:06:13.700Z","msg":"9 project(s) found"}
{"level":"info","time":"2025-01-07T16:19:38.967Z","msg":"Loading projects with limit"}
{"level":"info","time":"2025-01-07T16:19:38.973Z","msg":"Validation passed for loadProjectsByLimit"}
{"level":"info","time":"2025-01-07T16:19:39.391Z","msg":"Fetching current user"}
{"level":"info","time":"2025-01-07T16:19:39.392Z","msg":"Fetching current user"}
{"level":"info","time":"2025-01-07T16:19:39.436Z","msg":"User fetched successfully"}
{"level":"info","time":"2025-01-07T16:19:40.358Z","msg":"9 project(s) found"}
{"level":"info","time":"2025-01-07T16:20:25.358Z","msg":"Loading projects with limit"}
{"level":"info","time":"2025-01-07T16:20:25.359Z","msg":"Validation passed for loadProjectsByLimit"}
{"level":"info","time":"2025-01-07T16:20:25.418Z","msg":"Fetching current user"}
{"level":"info","time":"2025-01-07T16:20:25.418Z","msg":"Fetching current user"}
{"level":"info","time":"2025-01-07T16:20:25.471Z","msg":"User fetched successfully"}
{"level":"info","time":"2025-01-07T16:20:26.369Z","msg":"9 project(s) found"}
{"level":"info","time":"2025-01-07T16:20:37.216Z","msg":"Loading projects with limit"}
{"level":"info","time":"2025-01-07T16:20:37.217Z","msg":"Validation passed for loadProjectsByLimit"}
{"level":"info","time":"2025-01-07T16:20:37.291Z","msg":"Fetching current user"}
{"level":"info","time":"2025-01-07T16:20:37.291Z","msg":"Fetching current user"}
{"level":"info","time":"2025-01-07T16:20:37.347Z","msg":"User fetched successfully"}
{"level":"info","time":"2025-01-07T16:20:38.270Z","msg":"9 project(s) found"}
{"level":"info","time":"2025-01-07T16:20:49.732Z","msg":"Loading projects with limit"}
{"level":"info","time":"2025-01-07T16:20:49.735Z","msg":"Validation passed for loadProjectsByLimit"}
{"level":"info","time":"2025-01-07T16:20:49.843Z","msg":"Fetching current user"}
{"level":"info","time":"2025-01-07T16:20:49.843Z","msg":"Fetching current user"}
{"level":"info","time":"2025-01-07T16:20:49.887Z","msg":"User fetched successfully"}
{"level":"info","time":"2025-01-07T16:20:50.770Z","msg":"9 project(s) found"}
{"level":"info","time":"2025-01-07T16:21:15.755Z","msg":"Loading projects with limit"}
{"level":"info","time":"2025-01-07T16:21:15.755Z","msg":"Validation passed for loadProjectsByLimit"}
{"level":"info","time":"2025-01-07T16:21:15.818Z","msg":"Fetching current user"}
{"level":"info","time":"2025-01-07T16:21:15.818Z","msg":"Fetching current user"}
{"level":"info","time":"2025-01-07T16:21:15.876Z","msg":"User fetched successfully"}
{"level":"info","time":"2025-01-07T16:21:16.808Z","msg":"9 project(s) found"}
{"level":"info","time":"2025-01-07T16:21:52.878Z","msg":"Loading projects with limit"}
{"level":"info","time":"2025-01-07T16:21:52.879Z","msg":"Validation passed for loadProjectsByLimit"}
{"level":"info","time":"2025-01-07T16:21:52.968Z","msg":"Fetching current user"}
{"level":"info","time":"2025-01-07T16:21:52.968Z","msg":"Fetching current user"}
{"level":"info","time":"2025-01-07T16:21:53.024Z","msg":"User fetched successfully"}
{"level":"info","time":"2025-01-07T16:21:53.944Z","msg":"9 project(s) found"}
{"level":"info","time":"2025-01-07T16:22:18.163Z","msg":"Loading projects with limit"}
{"level":"info","time":"2025-01-07T16:22:18.164Z","msg":"Validation passed for loadProjectsByLimit"}
{"level":"info","time":"2025-01-07T16:22:18.232Z","msg":"Fetching current user"}
{"level":"info","time":"2025-01-07T16:22:18.233Z","msg":"Fetching current user"}
{"level":"info","time":"2025-01-07T16:22:18.282Z","msg":"User fetched successfully"}
{"level":"info","time":"2025-01-07T16:22:19.232Z","msg":"9 project(s) found"}
{"level":"info","time":"2025-01-07T16:23:48.944Z","msg":"Fetching current user"}
{"level":"info","time":"2025-01-07T16:23:48.947Z","msg":"Fetching current user"}
{"level":"info","time":"2025-01-07T16:23:48.985Z","msg":"User fetched successfully"}
{"level":"info","time":"2025-01-07T16:26:07.035Z","msg":"Fetching current user"}
{"level":"info","time":"2025-01-07T16:26:07.039Z","msg":"Fetching current user"}
{"level":"info","time":"2025-01-07T16:26:07.078Z","msg":"User fetched successfully"}
{"level":"info","time":"2025-01-07T16:26:35.828Z","msg":"Loading projects with limit"}
{"level":"info","time":"2025-01-07T16:26:35.855Z","msg":"Validation passed for loadProjectsByLimit"}
{"level":"info","time":"2025-01-07T16:26:36.981Z","msg":"9 project(s) found"}
{"level":"info","time":"2025-01-07T16:26:37.127Z","msg":"Loading projects with limit"}
{"level":"info","time":"2025-01-07T16:26:37.128Z","msg":"Validation passed for loadProjectsByLimit"}
{"level":"info","time":"2025-01-07T16:26:38.106Z","msg":"9 project(s) found"}
{"level":"info","time":"2025-01-07T16:27:51.971Z","msg":"Loading projects with limit"}
{"level":"info","time":"2025-01-07T16:27:51.972Z","msg":"Validation passed for loadProjectsByLimit"}
{"level":"info","time":"2025-01-07T16:27:52.039Z","msg":"Fetching current user"}
{"level":"info","time":"2025-01-07T16:27:52.039Z","msg":"Fetching current user"}
{"level":"info","time":"2025-01-07T16:27:52.071Z","msg":"User fetched successfully"}
{"level":"info","time":"2025-01-07T16:27:52.960Z","msg":"9 project(s) found"}
{"level":"info","time":"2025-01-07T16:28:20.486Z","msg":"Loading projects with limit"}
{"level":"info","time":"2025-01-07T16:28:20.487Z","msg":"Validation passed for loadProjectsByLimit"}
{"level":"info","time":"2025-01-07T16:28:20.553Z","msg":"Fetching current user"}
{"level":"info","time":"2025-01-07T16:28:20.553Z","msg":"Fetching current user"}
{"level":"info","time":"2025-01-07T16:28:20.608Z","msg":"User fetched successfully"}
{"level":"info","time":"2025-01-07T16:28:21.476Z","msg":"9 project(s) found"}
{"level":"info","time":"2025-01-07T16:29:00.740Z","msg":"Loading projects with limit"}
{"level":"info","time":"2025-01-07T16:29:00.748Z","msg":"Validation passed for loadProjectsByLimit"}
{"level":"info","time":"2025-01-07T16:29:00.815Z","msg":"Fetching current user"}
{"level":"info","time":"2025-01-07T16:29:00.815Z","msg":"Fetching current user"}
{"level":"info","time":"2025-01-07T16:29:00.842Z","msg":"User fetched successfully"}
{"level":"info","time":"2025-01-07T16:29:01.821Z","msg":"9 project(s) found"}
{"level":"info","time":"2025-01-07T16:30:05.243Z","msg":"Loading projects with limit"}
{"level":"info","time":"2025-01-07T16:30:05.245Z","msg":"Validation passed for loadProjectsByLimit"}
{"level":"info","time":"2025-01-07T16:30:05.309Z","msg":"Fetching current user"}
{"level":"info","time":"2025-01-07T16:30:05.309Z","msg":"Fetching current user"}
{"level":"info","time":"2025-01-07T16:30:05.336Z","msg":"User fetched successfully"}
{"level":"info","time":"2025-01-07T16:30:06.230Z","msg":"9 project(s) found"}
{"level":"info","time":"2025-01-07T16:30:08.789Z","msg":"Loading projects with limit"}
{"level":"info","time":"2025-01-07T16:30:08.790Z","msg":"Validation passed for loadProjectsByLimit"}
{"level":"info","time":"2025-01-07T16:30:09.815Z","msg":"9 project(s) found"}
{"level":"info","time":"2025-01-07T16:30:09.920Z","msg":"Loading projects with limit"}
{"level":"info","time":"2025-01-07T16:30:09.921Z","msg":"Validation passed for loadProjectsByLimit"}
{"level":"info","time":"2025-01-07T16:30:10.911Z","msg":"9 project(s) found"}
{"level":"info","time":"2025-01-07T16:30:43.154Z","msg":"Loading projects with limit"}
{"level":"info","time":"2025-01-07T16:30:43.155Z","msg":"Validation passed for loadProjectsByLimit"}
{"level":"info","time":"2025-01-07T16:30:43.196Z","msg":"Fetching current user"}
{"level":"info","time":"2025-01-07T16:30:43.196Z","msg":"Fetching current user"}
{"level":"info","time":"2025-01-07T16:30:43.253Z","msg":"User fetched successfully"}
{"level":"info","time":"2025-01-07T16:30:44.175Z","msg":"9 project(s) found"}
{"level":"info","time":"2025-01-07T16:30:48.445Z","msg":"Loading projects with limit"}
{"level":"info","time":"2025-01-07T16:30:48.445Z","msg":"Validation passed for loadProjectsByLimit"}
{"level":"info","time":"2025-01-07T16:30:48.525Z","msg":"Fetching current user"}
{"level":"info","time":"2025-01-07T16:30:48.525Z","msg":"Fetching current user"}
{"level":"info","time":"2025-01-07T16:30:48.576Z","msg":"User fetched successfully"}
{"level":"info","time":"2025-01-07T16:30:49.500Z","msg":"9 project(s) found"}
{"level":"info","time":"2025-01-07T16:31:05.253Z","msg":"Loading projects with limit"}
{"level":"info","time":"2025-01-07T16:31:05.261Z","msg":"Validation passed for loadProjectsByLimit"}
{"level":"info","time":"2025-01-07T16:31:05.316Z","msg":"Fetching current user"}
{"level":"info","time":"2025-01-07T16:31:05.316Z","msg":"Fetching current user"}
{"level":"info","time":"2025-01-07T16:31:05.370Z","msg":"User fetched successfully"}
{"level":"info","time":"2025-01-07T16:31:06.295Z","msg":"9 project(s) found"}
{"level":"info","time":"2025-01-07T16:31:08.876Z","msg":"Loading projects with limit"}
{"level":"info","time":"2025-01-07T16:31:08.877Z","msg":"Validation passed for loadProjectsByLimit"}
{"level":"info","time":"2025-01-07T16:31:08.927Z","msg":"Fetching current user"}
{"level":"info","time":"2025-01-07T16:31:08.927Z","msg":"Fetching current user"}
{"level":"info","time":"2025-01-07T16:31:08.969Z","msg":"User fetched successfully"}
{"level":"info","time":"2025-01-07T16:31:09.872Z","msg":"9 project(s) found"}
{"level":"info","time":"2025-01-07T16:31:16.243Z","msg":"Loading projects with limit"}
{"level":"info","time":"2025-01-07T16:31:16.252Z","msg":"Validation passed for loadProjectsByLimit"}
{"level":"info","time":"2025-01-07T16:31:16.322Z","msg":"Fetching current user"}
{"level":"info","time":"2025-01-07T16:31:16.322Z","msg":"Fetching current user"}
{"level":"info","time":"2025-01-07T16:31:16.369Z","msg":"User fetched successfully"}
{"level":"info","time":"2025-01-07T16:31:17.286Z","msg":"9 project(s) found"}
{"level":"info","time":"2025-01-07T16:31:24.772Z","msg":"Loading projects with limit"}
{"level":"info","time":"2025-01-07T16:31:24.777Z","msg":"Validation passed for loadProjectsByLimit"}
{"level":"info","time":"2025-01-07T16:31:25.820Z","msg":"9 project(s) found"}
{"level":"info","time":"2025-01-07T16:31:25.950Z","msg":"Loading projects with limit"}
{"level":"info","time":"2025-01-07T16:31:25.950Z","msg":"Validation passed for loadProjectsByLimit"}
{"level":"info","time":"2025-01-07T16:31:27.006Z","msg":"9 project(s) found"}
{"level":"info","time":"2025-01-07T16:31:27.915Z","msg":"Loading projects with limit"}
{"level":"info","time":"2025-01-07T16:31:27.917Z","msg":"Validation passed for loadProjectsByLimit"}
{"level":"info","time":"2025-01-07T16:31:27.982Z","msg":"Fetching current user"}
{"level":"info","time":"2025-01-07T16:31:27.982Z","msg":"Fetching current user"}
{"level":"info","time":"2025-01-07T16:31:28.028Z","msg":"User fetched successfully"}
{"level":"info","time":"2025-01-07T16:31:28.956Z","msg":"9 project(s) found"}
{"level":"info","time":"2025-01-07T16:32:03.806Z","msg":"Fetching current user"}
{"level":"info","time":"2025-01-07T16:32:03.806Z","msg":"Fetching current user"}
{"level":"info","time":"2025-01-07T16:32:03.857Z","msg":"User fetched successfully"}
{"level":"info","time":"2025-01-07T16:32:07.496Z","msg":"User login attempt"}
{"level":"info","time":"2025-01-07T16:32:07.600Z","msg":"User logged in successfully"}
{"level":"info","time":"2025-01-07T16:32:08.123Z","msg":"Loading projects with limit"}
{"level":"info","time":"2025-01-07T16:32:08.125Z","msg":"Validation passed for loadProjectsByLimit"}
{"level":"info","time":"2025-01-07T16:32:09.079Z","msg":"9 project(s) found"}
{"level":"info","time":"2025-01-07T16:32:09.175Z","msg":"Loading projects with limit"}
{"level":"info","time":"2025-01-07T16:32:09.175Z","msg":"Validation passed for loadProjectsByLimit"}
{"level":"info","time":"2025-01-07T16:32:10.159Z","msg":"9 project(s) found"}
{"level":"info","time":"2025-01-07T16:32:33.696Z","msg":"Loading projects with limit"}
{"level":"info","time":"2025-01-07T16:32:33.698Z","msg":"Validation passed for loadProjectsByLimit"}
{"level":"info","time":"2025-01-07T16:32:33.745Z","msg":"Fetching current user"}
{"level":"info","time":"2025-01-07T16:32:33.745Z","msg":"Fetching current user"}
{"level":"info","time":"2025-01-07T16:32:33.774Z","msg":"User fetched successfully"}
{"level":"info","time":"2025-01-07T16:32:34.679Z","msg":"9 project(s) found"}
{"level":"info","time":"2025-01-07T16:33:33.537Z","msg":"Loading projects with limit"}
{"level":"info","time":"2025-01-07T16:33:33.539Z","msg":"Validation passed for loadProjectsByLimit"}
{"level":"info","time":"2025-01-07T16:33:33.601Z","msg":"Fetching current user"}
{"level":"info","time":"2025-01-07T16:33:33.601Z","msg":"Fetching current user"}
{"level":"info","time":"2025-01-07T16:33:33.662Z","msg":"User fetched successfully"}
{"level":"info","time":"2025-01-07T16:33:34.510Z","msg":"9 project(s) found"}
{"level":"info","time":"2025-01-07T16:34:05.807Z","msg":"Loading projects with limit"}
{"level":"info","time":"2025-01-07T16:34:05.809Z","msg":"Validation passed for loadProjectsByLimit"}
{"level":"info","time":"2025-01-07T16:34:07.335Z","msg":"9 project(s) found"}
{"level":"info","time":"2025-01-07T16:34:07.450Z","msg":"Loading projects with limit"}
{"level":"info","time":"2025-01-07T16:34:07.450Z","msg":"Validation passed for loadProjectsByLimit"}
{"level":"info","time":"2025-01-07T16:34:08.425Z","msg":"9 project(s) found"}
{"level":"info","time":"2025-01-07T16:34:52.172Z","msg":"Loading projects with limit"}
{"level":"info","time":"2025-01-07T16:34:52.172Z","msg":"Validation passed for loadProjectsByLimit"}
{"level":"info","time":"2025-01-07T16:34:52.261Z","msg":"Fetching current user"}
{"level":"info","time":"2025-01-07T16:34:52.261Z","msg":"Fetching current user"}
{"level":"info","time":"2025-01-07T16:34:52.314Z","msg":"User fetched successfully"}
{"level":"info","time":"2025-01-07T16:34:54.251Z","msg":"9 project(s) found"}
{"level":"info","time":"2025-01-07T16:34:57.226Z","msg":"Loading projects with limit"}
{"level":"info","time":"2025-01-07T16:34:57.226Z","msg":"Validation passed for loadProjectsByLimit"}
{"level":"info","time":"2025-01-07T16:34:57.276Z","msg":"Fetching current user"}
{"level":"info","time":"2025-01-07T16:34:57.276Z","msg":"Fetching current user"}
{"level":"info","time":"2025-01-07T16:34:57.325Z","msg":"User fetched successfully"}
{"level":"info","time":"2025-01-07T16:34:58.505Z","msg":"9 project(s) found"}
{"level":"info","time":"2025-01-07T16:35:11.795Z","msg":"Loading projects with limit"}
{"level":"info","time":"2025-01-07T16:35:11.796Z","msg":"Validation passed for loadProjectsByLimit"}
{"level":"info","time":"2025-01-07T16:35:11.853Z","msg":"Fetching current user"}
{"level":"info","time":"2025-01-07T16:35:11.853Z","msg":"Fetching current user"}
{"level":"info","time":"2025-01-07T16:35:11.893Z","msg":"User fetched successfully"}
{"level":"info","time":"2025-01-07T16:35:12.987Z","msg":"9 project(s) found"}
{"level":"info","time":"2025-01-07T16:35:28.937Z","msg":"Loading projects with limit"}
{"level":"info","time":"2025-01-07T16:35:28.938Z","msg":"Validation passed for loadProjectsByLimit"}
{"level":"info","time":"2025-01-07T16:35:29.020Z","msg":"Fetching current user"}
{"level":"info","time":"2025-01-07T16:35:29.020Z","msg":"Fetching current user"}
{"level":"info","time":"2025-01-07T16:35:29.067Z","msg":"User fetched successfully"}
{"level":"info","time":"2025-01-07T16:35:30.353Z","msg":"9 project(s) found"}
{"level":"info","time":"2025-01-07T16:35:43.797Z","msg":"Loading projects with limit"}
{"level":"info","time":"2025-01-07T16:35:43.799Z","msg":"Validation passed for loadProjectsByLimit"}
{"level":"info","time":"2025-01-07T16:35:43.869Z","msg":"Fetching current user"}
{"level":"info","time":"2025-01-07T16:35:43.869Z","msg":"Fetching current user"}
{"level":"info","time":"2025-01-07T16:35:43.915Z","msg":"User fetched successfully"}
{"level":"info","time":"2025-01-07T16:35:45.451Z","msg":"9 project(s) found"}
{"level":"info","time":"2025-01-07T16:35:47.465Z","msg":"Loading projects with limit"}
{"level":"info","time":"2025-01-07T16:35:47.466Z","msg":"Validation passed for loadProjectsByLimit"}
{"level":"info","time":"2025-01-07T16:35:48.720Z","msg":"9 project(s) found"}
{"level":"info","time":"2025-01-07T16:35:48.849Z","msg":"Loading projects with limit"}
{"level":"info","time":"2025-01-07T16:35:48.849Z","msg":"Validation passed for loadProjectsByLimit"}
{"level":"info","time":"2025-01-07T16:35:50.215Z","msg":"9 project(s) found"}
{"level":"info","time":"2025-01-07T16:35:50.311Z","msg":"Loading projects with limit"}
{"level":"info","time":"2025-01-07T16:35:50.311Z","msg":"Validation passed for loadProjectsByLimit"}
{"level":"info","time":"2025-01-07T16:35:51.342Z","msg":"9 project(s) found"}
{"level":"info","time":"2025-01-07T16:35:51.466Z","msg":"Loading projects with limit"}
{"level":"info","time":"2025-01-07T16:35:51.466Z","msg":"Validation passed for loadProjectsByLimit"}
{"level":"info","time":"2025-01-07T16:35:52.925Z","msg":"9 project(s) found"}
{"level":"info","time":"2025-01-07T16:35:54.941Z","msg":"Loading projects with limit"}
{"level":"info","time":"2025-01-07T16:35:54.942Z","msg":"Validation passed for loadProjectsByLimit"}
{"level":"info","time":"2025-01-07T16:35:55.997Z","msg":"9 project(s) found"}
{"level":"info","time":"2025-01-07T16:35:56.126Z","msg":"Loading projects with limit"}
{"level":"info","time":"2025-01-07T16:35:56.126Z","msg":"Validation passed for loadProjectsByLimit"}
{"level":"info","time":"2025-01-07T16:35:57.737Z","msg":"9 project(s) found"}
{"level":"info","time":"2025-01-07T16:35:57.828Z","msg":"Loading projects with limit"}
{"level":"info","time":"2025-01-07T16:35:57.828Z","msg":"Validation passed for loadProjectsByLimit"}
{"level":"info","time":"2025-01-07T16:35:58.855Z","msg":"9 project(s) found"}
{"level":"info","time":"2025-01-07T16:35:58.956Z","msg":"Loading projects with limit"}
{"level":"info","time":"2025-01-07T16:35:58.956Z","msg":"Validation passed for loadProjectsByLimit"}
{"level":"info","time":"2025-01-07T16:36:00.257Z","msg":"9 project(s) found"}
{"level":"info","time":"2025-01-07T16:52:50.100Z","msg":"Fetching current user"}
{"level":"info","time":"2025-01-07T16:52:50.104Z","msg":"Fetching current user"}
{"level":"info","time":"2025-01-07T16:52:50.186Z","msg":"User fetched successfully"}
{"level":"info","time":"2025-01-07T16:54:12.275Z","msg":"Fetching current user"}
{"level":"info","time":"2025-01-07T16:54:12.276Z","msg":"Fetching current user"}
{"level":"info","time":"2025-01-07T16:54:12.320Z","msg":"User fetched successfully"}
{"level":"info","time":"2025-01-07T16:55:11.870Z","msg":"Fetching current user"}
{"level":"info","time":"2025-01-07T16:55:11.872Z","msg":"Fetching current user"}
{"level":"info","time":"2025-01-07T16:55:11.917Z","msg":"User fetched successfully"}
{"level":"info","time":"2025-01-07T16:55:17.089Z","msg":"Fetching current user"}
{"level":"info","time":"2025-01-07T16:55:17.089Z","msg":"Fetching current user"}
{"level":"info","time":"2025-01-07T16:55:17.124Z","msg":"User fetched successfully"}
{"level":"info","time":"2025-01-07T16:55:19.244Z","msg":"Fetching current user"}
{"level":"info","time":"2025-01-07T16:55:19.244Z","msg":"Fetching current user"}
{"level":"info","time":"2025-01-07T16:55:19.279Z","msg":"User fetched successfully"}
{"level":"info","time":"2025-01-07T16:56:22.274Z","msg":"Fetching current user"}
{"level":"info","time":"2025-01-07T16:56:22.308Z","msg":"Fetching current user"}
{"level":"info","time":"2025-01-07T16:56:22.367Z","msg":"User fetched successfully"}
{"level":"info","time":"2025-01-07T16:59:22.409Z","msg":"Fetching current user"}
{"level":"info","time":"2025-01-07T16:59:22.414Z","msg":"Fetching current user"}
{"level":"info","time":"2025-01-07T16:59:22.490Z","msg":"User fetched successfully"}
{"level":"info","time":"2025-01-07T17:02:05.615Z","msg":"Fetching current user"}
{"level":"info","time":"2025-01-07T17:02:05.616Z","msg":"Fetching current user"}
{"level":"info","time":"2025-01-07T17:02:05.671Z","msg":"User fetched successfully"}
{"level":"info","time":"2025-01-07T17:03:45.833Z","msg":"Fetching current user"}
{"level":"info","time":"2025-01-07T17:03:45.834Z","msg":"Fetching current user"}
{"level":"info","time":"2025-01-07T17:03:45.889Z","msg":"User fetched successfully"}
{"level":"info","time":"2025-01-07T17:04:09.627Z","msg":"Fetching current user"}
{"level":"info","time":"2025-01-07T17:04:09.627Z","msg":"Fetching current user"}
{"level":"info","time":"2025-01-07T17:04:09.668Z","msg":"User fetched successfully"}
{"level":"info","time":"2025-01-07T17:05:49.238Z","msg":"Fetching current user"}
{"level":"info","time":"2025-01-07T17:05:49.240Z","msg":"Fetching current user"}
{"level":"info","time":"2025-01-07T17:05:49.287Z","msg":"User fetched successfully"}
{"level":"info","time":"2025-01-07T17:06:16.338Z","msg":"Fetching current user"}
{"level":"info","time":"2025-01-07T17:06:16.338Z","msg":"Fetching current user"}
{"level":"info","time":"2025-01-07T17:06:16.386Z","msg":"User fetched successfully"}
{"level":"info","time":"2025-01-07T17:06:54.381Z","msg":"Fetching current user"}
{"level":"info","time":"2025-01-07T17:06:54.381Z","msg":"Fetching current user"}
{"level":"info","time":"2025-01-07T17:06:54.408Z","msg":"User fetched successfully"}
{"level":"info","time":"2025-01-07T17:07:16.584Z","msg":"Fetching current user"}
{"level":"info","time":"2025-01-07T17:07:16.584Z","msg":"Fetching current user"}
{"level":"info","time":"2025-01-07T17:07:16.614Z","msg":"User fetched successfully"}
{"level":"info","time":"2025-01-07T17:07:21.416Z","msg":"Fetching current user"}
{"level":"info","time":"2025-01-07T17:07:21.417Z","msg":"Fetching current user"}
{"level":"info","time":"2025-01-07T17:07:21.444Z","msg":"User fetched successfully"}
{"level":"info","time":"2025-01-07T17:09:36.434Z","msg":"Fetching current user"}
{"level":"info","time":"2025-01-07T17:09:36.435Z","msg":"Fetching current user"}
{"level":"info","time":"2025-01-07T17:09:36.483Z","msg":"User fetched successfully"}
{"level":"info","time":"2025-01-07T17:10:12.424Z","msg":"Fetching current user"}
{"level":"info","time":"2025-01-07T17:10:12.425Z","msg":"Fetching current user"}
{"level":"info","time":"2025-01-07T17:10:12.471Z","msg":"User fetched successfully"}
{"level":"info","time":"2025-01-07T17:12:19.733Z","msg":"Fetching current user"}
{"level":"info","time":"2025-01-07T17:12:19.735Z","msg":"Fetching current user"}
{"level":"info","time":"2025-01-07T17:12:19.765Z","msg":"User fetched successfully"}
{"level":"info","time":"2025-01-07T17:15:42.467Z","msg":"Fetching current user"}
{"level":"info","time":"2025-01-07T17:15:42.469Z","msg":"Fetching current user"}
{"level":"info","time":"2025-01-07T17:15:42.496Z","msg":"User fetched successfully"}
{"level":"info","time":"2025-01-07T17:17:42.124Z","msg":"Fetching current user"}
{"level":"info","time":"2025-01-07T17:17:42.126Z","msg":"Fetching current user"}
{"level":"info","time":"2025-01-07T17:17:42.170Z","msg":"User fetched successfully"}
{"level":"info","time":"2025-01-07T17:32:11.974Z","msg":"Fetching current user"}
{"level":"info","time":"2025-01-07T17:32:11.977Z","msg":"Fetching current user"}
{"level":"info","time":"2025-01-07T17:32:12.065Z","msg":"User fetched successfully"}
{"level":"info","time":"2025-01-07T17:37:00.066Z","msg":"Creating project initiated"}
{"level":"info","time":"2025-01-07T17:37:00.165Z","msg":"Project created successfully"}
{"level":"info","time":"2025-01-07T17:37:00.821Z","msg":"Loading projects with limit"}
{"level":"info","time":"2025-01-07T17:37:00.825Z","msg":"Validation passed for loadProjectsByLimit"}
{"level":"info","time":"2025-01-07T17:37:02.170Z","msg":"10 project(s) found"}
{"level":"info","time":"2025-01-07T17:37:02.323Z","msg":"Loading projects with limit"}
{"level":"info","time":"2025-01-07T17:37:02.323Z","msg":"Validation passed for loadProjectsByLimit"}
{"level":"info","time":"2025-01-07T17:37:03.284Z","msg":"10 project(s) found"}
{"level":"info","time":"2025-01-07T17:37:07.346Z","msg":"Loading projects with limit"}
{"level":"info","time":"2025-01-07T17:37:07.347Z","msg":"Validation passed for loadProjectsByLimit"}
{"level":"info","time":"2025-01-07T17:37:08.415Z","msg":"10 project(s) found"}
{"level":"info","time":"2025-01-07T17:37:08.555Z","msg":"Loading projects with limit"}
{"level":"info","time":"2025-01-07T17:37:08.555Z","msg":"Validation passed for loadProjectsByLimit"}
{"level":"info","time":"2025-01-07T17:37:09.588Z","msg":"10 project(s) found"}
{"level":"info","time":"2025-01-07T17:37:11.844Z","msg":"Loading projects with limit"}
{"level":"info","time":"2025-01-07T17:37:11.845Z","msg":"Validation passed for loadProjectsByLimit"}
{"level":"info","time":"2025-01-07T17:37:12.895Z","msg":"10 project(s) found"}
{"level":"info","time":"2025-01-07T17:37:13.026Z","msg":"Loading projects with limit"}
{"level":"info","time":"2025-01-07T17:37:13.026Z","msg":"Validation passed for loadProjectsByLimit"}
{"level":"info","time":"2025-01-07T17:37:13.977Z","msg":"10 project(s) found"}
